#
# There is insufficient memory for the Java Runtime Environment to continue.
# Native memory allocation (malloc) failed to allocate 818496 bytes for Chunk::new
# Possible reasons:
#   The system is out of physical RAM or swap space
#   The process is running with CompressedOops enabled, and the Java Heap may be blocking the growth of the native heap
# Possible solutions:
#   Reduce memory load on the system
#   Increase physical memory or swap space
#   Check if swap backing store is full
#   Decrease Java heap size (-Xmx/-Xms)
#   Decrease number of Java threads
#   Decrease Java thread stack sizes (-Xss)
#   Set larger code cache with -XX:ReservedCodeCacheSize=
#   JVM is running with Unscaled Compressed Oops mode in which the Java heap is
#     placed in the first 4GB address space. The Java Heap base address is the
#     maximum limit for the native heap growth. Please use -XX:HeapBaseMinAddress
#     to set the Java Heap base and to place the Java Heap above 4GB virtual address.
# This output file may be truncated or incomplete.
#
#  Out of Memory Error (./open/src/hotspot/share/memory/arena.cpp:197), pid=1084, tid=6244
#
# JRE version: Java(TM) SE Runtime Environment 18.9 (11.0.12+8) (build 11.0.12+8-LTS-237)
# Java VM: Java HotSpot(TM) 64-Bit Server VM 18.9 (11.0.12+8-LTS-237, mixed mode, tiered, compressed oops, g1 gc, windows-amd64)
# No core dump will be written. Minidumps are not enabled by default on client versions of Windows
#

---------------  S U M M A R Y ------------

Command Line: --add-opens=java.base/java.util=ALL-UNNAMED --add-opens=java.base/java.lang=ALL-UNNAMED --add-opens=java.base/java.lang.invoke=ALL-UNNAMED --add-opens=java.prefs/java.util.prefs=ALL-UNNAMED -XX:MaxMetaspaceSize=256m -XX:+HeapDumpOnOutOfMemoryError -Xms256m -Xmx512m -Dfile.encoding=windows-1252 -Duser.country=US -Duser.language=en -Duser.variant org.gradle.launcher.daemon.bootstrap.GradleDaemon 6.7

Host: Intel(R) Core(TM) i5-3340M CPU @ 2.70GHz, 4 cores, 3G,  Windows 10 , 64 bit Build 19041 (10.0.19041.1202)
Time: Mon Dec  6 16:29:14 2021 W. Central Africa Standard Time elapsed time: 54.717055 seconds (0d 0h 0m 54s)

---------------  T H R E A D  ---------------

Current thread (0x000002bff6de2800):  JavaThread "C2 CompilerThread0" daemon [_thread_in_native, id=6244, stack(0x000000d331200000,0x000000d331300000)]


Current CompileTask:
C2:  54717 8610       4       sun.reflect.generics.parser.SignatureParser::parseFieldTypeSignature (73 bytes)

Stack: [0x000000d331200000,0x000000d331300000]
Native frames: (J=compiled Java code, j=interpreted, Vv=VM code, C=native code)
V  [jvm.dll+0x617d9a]
V  [jvm.dll+0x74eeef]
V  [jvm.dll+0x750599]
V  [jvm.dll+0x750c23]
V  [jvm.dll+0x2438d8]
V  [jvm.dll+0xba6dc]
V  [jvm.dll+0xbac9c]
V  [jvm.dll+0x2b4564]
V  [jvm.dll+0x52cc86]
V  [jvm.dll+0x1fecc3]
V  [jvm.dll+0x1fc1ca]
V  [jvm.dll+0x17f18c]
V  [jvm.dll+0x20b87c]
V  [jvm.dll+0x20997b]
V  [jvm.dll+0x716359]
V  [jvm.dll+0x70f064]
V  [jvm.dll+0x616f66]
C  [ucrtbase.dll+0x21bb2]
C  [KERNEL32.DLL+0x17034]
C  [ntdll.dll+0x52651]


---------------  P R O C E S S  ---------------

Threads class SMR info:
_java_thread_list=0x000002bf820f00f0, length=167, elements={
0x000002bfdc0f9000, 0x000002bff6d97000, 0x000002bff6d99000, 0x000002bff6dda800,
0x000002bff6ddc800, 0x000002bff6ddf800, 0x000002bff6de2800, 0x000002bff6de5800,
0x000002bff6dfc800, 0x000002bff7897800, 0x000002bff90e1000, 0x000002bff8cc9800,
0x000002bff91b8800, 0x000002bff7bc3800, 0x000002bff7baf800, 0x000002bff8e00800,
0x000002bff8aae800, 0x000002bff8a9e800, 0x000002bff8a9f000, 0x000002bff97ba000,
0x000002bff9215000, 0x000002bff920f000, 0x000002bff9215800, 0x000002bff9214000,
0x000002bff9211800, 0x000002bff9210000, 0x000002bff9211000, 0x000002bff9212800,
0x000002bff93af800, 0x000002bff93af000, 0x000002bff93b3800, 0x000002bff93b1800,
0x000002bff93ae000, 0x000002bff93b4800, 0x000002bff93bb000, 0x000002bff93b5800,
0x000002bff93b9800, 0x000002bff93ba800, 0x000002bff93bc000, 0x000002bff93b6000,
0x000002bff93bc800, 0x000002bff93b8800, 0x000002bff93b7000, 0x000002bff93b8000,
0x000002bffc4c8800, 0x000002bffc4cd800, 0x000002bffc4c7800, 0x000002bffc4c9000,
0x000002bffc4ca000, 0x000002bffc4ce000, 0x000002bffc4cc800, 0x000002bffc4cf000,
0x000002bffc4d0000, 0x000002bffc4cb000, 0x000002bffc4d0800, 0x000002bffc4d1800,
0x000002bffc4cb800, 0x000002bffc4d4800, 0x000002bffc4d4000, 0x000002bffc4d2000,
0x000002bffc4d6800, 0x000002bffc4d5800, 0x000002bffc4d3000, 0x000002bff9f51800,
0x000002bff9f4f000, 0x000002bff9f53000, 0x000002bff9f54000, 0x000002bff9f51000,
0x000002bff9f55000, 0x000002bff9f55800, 0x000002bff9f52800, 0x000002bff9f50000,
0x000002bff9f59000, 0x000002bff9f58000, 0x000002bff9f59800, 0x000002bff9f5a800,
0x000002bff9f5b800, 0x000002bff9f5c000, 0x000002bff9f56800, 0x000002bff9f5d000,
0x000002bff9f57800, 0x000002bff9f5e000, 0x000002bff9937000, 0x000002bff9938000,
0x000002bff9933000, 0x000002bff9935800, 0x000002bff9932800, 0x000002bff9939000,
0x000002bff9939800, 0x000002bff9934000, 0x000002bff993a800, 0x000002bff9934800,
0x000002bff9936800, 0x000002bff993c000, 0x000002bff9941000, 0x000002bff993d000,
0x000002bff993b000, 0x000002bff993d800, 0x000002bff993e800, 0x000002bff993f800,
0x000002bff9940000, 0x000002bff96f5000, 0x000002bff96f1000, 0x000002bff96f0800,
0x000002bff96f7800, 0x000002bff96f3000, 0x000002bff96f6000, 0x000002bff96f2000,
0x000002bff96f7000, 0x000002bff96f8800, 0x000002bff96f3800, 0x000002bff96f9800,
0x000002bff96fa000, 0x000002bff96f4800, 0x000002bff96fc800, 0x000002bff96fe000,
0x000002bff96fb000, 0x000002bff96fb800, 0x000002bff96fd800, 0x000002bff96ff000,
0x000002bffc162800, 0x000002bffc160800, 0x000002bffc15d000, 0x000002bffc15e800,
0x000002bffc15f800, 0x000002bffc161000, 0x000002bffc162000, 0x000002bffe039000,
0x000002bffc163800, 0x000002bffc15e000, 0x000002bffc167800, 0x000002bffc165000,
0x000002bffc16a000, 0x000002bffc166000, 0x000002bffc167000, 0x000002bffc169000,
0x000002bffc164800, 0x000002bffc16b000, 0x000002bffc16b800, 0x000002bffe40b000,
0x000002bffe408800, 0x000002bffe407000, 0x000002bffe40a000, 0x000002bffe409800,
0x000002bffe405800, 0x000002bffe406000, 0x000002bffe40c800, 0x000002bffe407800,
0x000002bffe40f000, 0x000002bffe40d800, 0x000002bffe411800, 0x000002bffe40e000,
0x000002bffe410000, 0x000002bffe410800, 0x000002bffe40c000, 0x000002bffe412800,
0x000002bffe413000, 0x000002bffe414000, 0x000002bf80f65000, 0x000002bf80f66000,
0x000002bf80f64800, 0x000002bf80f63800, 0x000002bf80f6b000, 0x000002bf80f67800,
0x000002bf80f69800, 0x000002bf80f6c800, 0x000002bf80f6a000
}

Java Threads: ( => current thread )
  0x000002bfdc0f9000 JavaThread "main" [_thread_blocked, id=16156, stack(0x000000d330600000,0x000000d330700000)]
  0x000002bff6d97000 JavaThread "Reference Handler" daemon [_thread_blocked, id=7008, stack(0x000000d330d00000,0x000000d330e00000)]
  0x000002bff6d99000 JavaThread "Finalizer" daemon [_thread_blocked, id=3284, stack(0x000000d330e00000,0x000000d330f00000)]
  0x000002bff6dda800 JavaThread "Signal Dispatcher" daemon [_thread_blocked, id=1128, stack(0x000000d330f00000,0x000000d331000000)]
  0x000002bff6ddc800 JavaThread "Attach Listener" daemon [_thread_blocked, id=15756, stack(0x000000d331000000,0x000000d331100000)]
  0x000002bff6ddf800 JavaThread "Service Thread" daemon [_thread_blocked, id=2408, stack(0x000000d331100000,0x000000d331200000)]
=>0x000002bff6de2800 JavaThread "C2 CompilerThread0" daemon [_thread_in_native, id=6244, stack(0x000000d331200000,0x000000d331300000)]
  0x000002bff6de5800 JavaThread "C1 CompilerThread0" daemon [_thread_blocked, id=12552, stack(0x000000d331300000,0x000000d331400000)]
  0x000002bff6dfc800 JavaThread "Sweeper thread" daemon [_thread_blocked, id=4964, stack(0x000000d331400000,0x000000d331500000)]
  0x000002bff7897800 JavaThread "Common-Cleaner" daemon [_thread_blocked, id=3312, stack(0x000000d331500000,0x000000d331600000)]
  0x000002bff90e1000 JavaThread "Daemon health stats" [_thread_blocked, id=10036, stack(0x000000d331a00000,0x000000d331b00000)]
  0x000002bff8cc9800 JavaThread "Incoming local TCP Connector on port 54353" [_thread_in_native, id=12908, stack(0x000000d331d00000,0x000000d331e00000)]
  0x000002bff91b8800 JavaThread "Daemon periodic checks" [_thread_blocked, id=5668, stack(0x000000d331e00000,0x000000d331f00000)]
  0x000002bff7bc3800 JavaThread "Daemon" [_thread_blocked, id=10084, stack(0x000000d331f00000,0x000000d332000000)]
  0x000002bff7baf800 JavaThread "Handler for socket connection from /127.0.0.1:54353 to /127.0.0.1:54354" [_thread_in_native, id=16308, stack(0x000000d332000000,0x000000d332100000)]
  0x000002bff8e00800 JavaThread "Cancel handler" [_thread_blocked, id=12804, stack(0x000000d332100000,0x000000d332200000)]
  0x000002bff8aae800 JavaThread "Daemon worker" [_thread_in_Java, id=1336, stack(0x000000d332200000,0x000000d332300000)]
  0x000002bff8a9e800 JavaThread "Asynchronous log dispatcher for DefaultDaemonConnection: socket connection from /127.0.0.1:54353 to /127.0.0.1:54354" [_thread_blocked, id=15296, stack(0x000000d332300000,0x000000d332400000)]
  0x000002bff8a9f000 JavaThread "Stdin handler" [_thread_blocked, id=15776, stack(0x000000d332400000,0x000000d332500000)]
  0x000002bff97ba000 JavaThread "Thread-8" [_thread_blocked, id=8112, stack(0x000000d332500000,0x000000d332600000)]
  0x000002bff9215000 JavaThread "Cache worker for file hash cache (C:\Users\freddy\.gradle\caches\6.7\fileHashes)" [_thread_blocked, id=10448, stack(0x000000d332600000,0x000000d332700000)]
  0x000002bff920f000 JavaThread "File lock request listener" [_thread_in_native, id=15524, stack(0x000000d332700000,0x000000d332800000)]
  0x000002bff9215800 JavaThread "Cache worker for journal cache (C:\Users\freddy\.gradle\caches\journal-1)" [_thread_blocked, id=6848, stack(0x000000d332800000,0x000000d332900000)]
  0x000002bff9214000 JavaThread "Cache worker for file hash cache (C:\Users\freddy\Desktop\react-native\finalyear\android\.gradle\6.7\fileHashes)" [_thread_blocked, id=9468, stack(0x000000d332900000,0x000000d332a00000)]
  0x000002bff9211800 JavaThread "Cache worker for checksums cache (C:\Users\freddy\Desktop\react-native\finalyear\android\.gradle\checksums)" [_thread_blocked, id=10444, stack(0x000000d332a00000,0x000000d332b00000)]
  0x000002bff9210000 JavaThread "Cache worker for cache directory md-supplier (C:\Users\freddy\.gradle\caches\6.7\md-supplier)" [_thread_blocked, id=16204, stack(0x000000d332b00000,0x000000d332c00000)]
  0x000002bff9211000 JavaThread "Cache worker for cache directory md-rule (C:\Users\freddy\.gradle\caches\6.7\md-rule)" [_thread_blocked, id=14656, stack(0x000000d332c00000,0x000000d332d00000)]
  0x000002bff9212800 JavaThread "Cache worker for execution history cache (C:\Users\freddy\.gradle\caches\6.7\executionHistory)" [_thread_blocked, id=13572, stack(0x000000d332d00000,0x000000d332e00000)]
  0x000002bff93af800 JavaThread "jar transforms" [_thread_blocked, id=9728, stack(0x000000d332e00000,0x000000d332f00000)]
  0x000002bff93af000 JavaThread "Cache worker for file content cache (C:\Users\freddy\.gradle\caches\6.7\fileContent)" [_thread_blocked, id=3244, stack(0x000000d332f00000,0x000000d333000000)]
  0x000002bff93b3800 JavaThread "Cache worker for Build Output Cleanup Cache (C:\Users\freddy\Desktop\react-native\finalyear\android\.gradle\buildOutputCleanup)" [_thread_blocked, id=5772, stack(0x000000d333000000,0x000000d333100000)]
  0x000002bff93b1800 JavaThread "Build operations" [_thread_blocked, id=15672, stack(0x000000d333100000,0x000000d333200000)]
  0x000002bff93ae000 JavaThread "Build operations Thread 2" [_thread_blocked, id=16316, stack(0x000000d333200000,0x000000d333300000)]
  0x000002bff93b4800 JavaThread "Build operations Thread 3" [_thread_blocked, id=16228, stack(0x000000d333300000,0x000000d333400000)]
  0x000002bff93bb000 JavaThread "Build operations Thread 4" [_thread_blocked, id=13180, stack(0x000000d333400000,0x000000d333500000)]
  0x000002bff93b5800 JavaThread "jar transforms Thread 2" [_thread_blocked, id=14244, stack(0x000000d333500000,0x000000d333600000)]
  0x000002bff93b9800 JavaThread "jar transforms Thread 3" [_thread_blocked, id=6120, stack(0x000000d333600000,0x000000d333700000)]
  0x000002bff93ba800 JavaThread "jar transforms Thread 4" [_thread_blocked, id=15152, stack(0x000000d333700000,0x000000d333800000)]
  0x000002bff93bc000 JavaThread "jar transforms Thread 5" [_thread_blocked, id=3044, stack(0x000000d333800000,0x000000d333900000)]
  0x000002bff93b6000 JavaThread "jar transforms Thread 6" [_thread_blocked, id=13092, stack(0x000000d333900000,0x000000d333a00000)]
  0x000002bff93bc800 JavaThread "jar transforms Thread 7" [_thread_blocked, id=6868, stack(0x000000d333a00000,0x000000d333b00000)]
  0x000002bff93b8800 JavaThread "jar transforms Thread 8" [_thread_blocked, id=11716, stack(0x000000d333b00000,0x000000d333c00000)]
  0x000002bff93b7000 JavaThread "jar transforms Thread 9" [_thread_blocked, id=11792, stack(0x000000d333c00000,0x000000d333d00000)]
  0x000002bff93b8000 JavaThread "jar transforms Thread 10" [_thread_blocked, id=14200, stack(0x000000d333d00000,0x000000d333e00000)]
  0x000002bffc4c8800 JavaThread "jar transforms Thread 11" [_thread_blocked, id=10188, stack(0x000000d333e00000,0x000000d333f00000)]
  0x000002bffc4cd800 JavaThread "jar transforms Thread 12" [_thread_blocked, id=15780, stack(0x000000d333f00000,0x000000d334000000)]
  0x000002bffc4c7800 JavaThread "jar transforms Thread 13" [_thread_blocked, id=2012, stack(0x000000d334000000,0x000000d334100000)]
  0x000002bffc4c9000 JavaThread "jar transforms Thread 14" [_thread_blocked, id=7080, stack(0x000000d334100000,0x000000d334200000)]
  0x000002bffc4ca000 JavaThread "jar transforms Thread 15" [_thread_blocked, id=15576, stack(0x000000d334200000,0x000000d334300000)]
  0x000002bffc4ce000 JavaThread "jar transforms Thread 16" [_thread_blocked, id=8264, stack(0x000000d334300000,0x000000d334400000)]
  0x000002bffc4cc800 JavaThread "jar transforms Thread 17" [_thread_blocked, id=876, stack(0x000000d334400000,0x000000d334500000)]
  0x000002bffc4cf000 JavaThread "jar transforms Thread 18" [_thread_blocked, id=14364, stack(0x000000d334500000,0x000000d334600000)]
  0x000002bffc4d0000 JavaThread "jar transforms Thread 19" [_thread_blocked, id=16332, stack(0x000000d334600000,0x000000d334700000)]
  0x000002bffc4cb000 JavaThread "jar transforms Thread 20" [_thread_blocked, id=8856, stack(0x000000d334700000,0x000000d334800000)]
  0x000002bffc4d0800 JavaThread "jar transforms Thread 21" [_thread_blocked, id=10128, stack(0x000000d334800000,0x000000d334900000)]
  0x000002bffc4d1800 JavaThread "jar transforms Thread 22" [_thread_blocked, id=16120, stack(0x000000d334900000,0x000000d334a00000)]
  0x000002bffc4cb800 JavaThread "jar transforms Thread 23" [_thread_blocked, id=14000, stack(0x000000d334a00000,0x000000d334b00000)]
  0x000002bffc4d4800 JavaThread "jar transforms Thread 24" [_thread_blocked, id=15760, stack(0x000000d334b00000,0x000000d334c00000)]
  0x000002bffc4d4000 JavaThread "jar transforms Thread 25" [_thread_blocked, id=11628, stack(0x000000d334c00000,0x000000d334d00000)]
  0x000002bffc4d2000 JavaThread "jar transforms Thread 26" [_thread_blocked, id=14404, stack(0x000000d334d00000,0x000000d334e00000)]
  0x000002bffc4d6800 JavaThread "jar transforms Thread 27" [_thread_blocked, id=14960, stack(0x000000d334e00000,0x000000d334f00000)]
  0x000002bffc4d5800 JavaThread "jar transforms Thread 28" [_thread_blocked, id=4516, stack(0x000000d334f00000,0x000000d335000000)]
  0x000002bffc4d3000 JavaThread "jar transforms Thread 29" [_thread_blocked, id=11256, stack(0x000000d335000000,0x000000d335100000)]
  0x000002bff9f51800 JavaThread "jar transforms Thread 30" [_thread_blocked, id=15372, stack(0x000000d335100000,0x000000d335200000)]
  0x000002bff9f4f000 JavaThread "jar transforms Thread 31" [_thread_blocked, id=14180, stack(0x000000d335200000,0x000000d335300000)]
  0x000002bff9f53000 JavaThread "jar transforms Thread 32" [_thread_blocked, id=9620, stack(0x000000d335300000,0x000000d335400000)]
  0x000002bff9f54000 JavaThread "jar transforms Thread 33" [_thread_blocked, id=13720, stack(0x000000d335400000,0x000000d335500000)]
  0x000002bff9f51000 JavaThread "jar transforms Thread 34" [_thread_blocked, id=4788, stack(0x000000d335500000,0x000000d335600000)]
  0x000002bff9f55000 JavaThread "jar transforms Thread 35" [_thread_blocked, id=14896, stack(0x000000d335600000,0x000000d335700000)]
  0x000002bff9f55800 JavaThread "jar transforms Thread 36" [_thread_blocked, id=7904, stack(0x000000d335700000,0x000000d335800000)]
  0x000002bff9f52800 JavaThread "jar transforms Thread 37" [_thread_blocked, id=15492, stack(0x000000d335800000,0x000000d335900000)]
  0x000002bff9f50000 JavaThread "jar transforms Thread 38" [_thread_blocked, id=5568, stack(0x000000d335900000,0x000000d335a00000)]
  0x000002bff9f59000 JavaThread "jar transforms Thread 39" [_thread_blocked, id=12136, stack(0x000000d335a00000,0x000000d335b00000)]
  0x000002bff9f58000 JavaThread "jar transforms Thread 40" [_thread_blocked, id=16252, stack(0x000000d335b00000,0x000000d335c00000)]
  0x000002bff9f59800 JavaThread "jar transforms Thread 41" [_thread_blocked, id=14684, stack(0x000000d335c00000,0x000000d335d00000)]
  0x000002bff9f5a800 JavaThread "jar transforms Thread 42" [_thread_blocked, id=15748, stack(0x000000d335d00000,0x000000d335e00000)]
  0x000002bff9f5b800 JavaThread "jar transforms Thread 43" [_thread_blocked, id=12812, stack(0x000000d335e00000,0x000000d335f00000)]
  0x000002bff9f5c000 JavaThread "jar transforms Thread 44" [_thread_blocked, id=13412, stack(0x000000d335f00000,0x000000d336000000)]
  0x000002bff9f56800 JavaThread "jar transforms Thread 45" [_thread_blocked, id=3180, stack(0x000000d336000000,0x000000d336100000)]
  0x000002bff9f5d000 JavaThread "jar transforms Thread 46" [_thread_blocked, id=15952, stack(0x000000d336100000,0x000000d336200000)]
  0x000002bff9f57800 JavaThread "jar transforms Thread 47" [_thread_blocked, id=1664, stack(0x000000d336200000,0x000000d336300000)]
  0x000002bff9f5e000 JavaThread "jar transforms Thread 48" [_thread_blocked, id=8672, stack(0x000000d336300000,0x000000d336400000)]
  0x000002bff9937000 JavaThread "jar transforms Thread 49" [_thread_blocked, id=412, stack(0x000000d336400000,0x000000d336500000)]
  0x000002bff9938000 JavaThread "jar transforms Thread 50" [_thread_blocked, id=12808, stack(0x000000d336500000,0x000000d336600000)]
  0x000002bff9933000 JavaThread "jar transforms Thread 51" [_thread_blocked, id=1220, stack(0x000000d336600000,0x000000d336700000)]
  0x000002bff9935800 JavaThread "jar transforms Thread 52" [_thread_blocked, id=14528, stack(0x000000d336700000,0x000000d336800000)]
  0x000002bff9932800 JavaThread "jar transforms Thread 53" [_thread_blocked, id=2760, stack(0x000000d336800000,0x000000d336900000)]
  0x000002bff9939000 JavaThread "jar transforms Thread 54" [_thread_blocked, id=12752, stack(0x000000d336900000,0x000000d336a00000)]
  0x000002bff9939800 JavaThread "jar transforms Thread 55" [_thread_blocked, id=11072, stack(0x000000d336a00000,0x000000d336b00000)]
  0x000002bff9934000 JavaThread "jar transforms Thread 56" [_thread_blocked, id=15548, stack(0x000000d336b00000,0x000000d336c00000)]
  0x000002bff993a800 JavaThread "jar transforms Thread 57" [_thread_blocked, id=8432, stack(0x000000d336c00000,0x000000d336d00000)]
  0x000002bff9934800 JavaThread "jar transforms Thread 58" [_thread_blocked, id=12168, stack(0x000000d336d00000,0x000000d336e00000)]
  0x000002bff9936800 JavaThread "jar transforms Thread 59" [_thread_blocked, id=4140, stack(0x000000d336e00000,0x000000d336f00000)]
  0x000002bff993c000 JavaThread "jar transforms Thread 60" [_thread_blocked, id=4716, stack(0x000000d336f00000,0x000000d337000000)]
  0x000002bff9941000 JavaThread "jar transforms Thread 61" [_thread_blocked, id=14632, stack(0x000000d337000000,0x000000d337100000)]
  0x000002bff993d000 JavaThread "jar transforms Thread 62" [_thread_blocked, id=14944, stack(0x000000d337100000,0x000000d337200000)]
  0x000002bff993b000 JavaThread "jar transforms Thread 63" [_thread_blocked, id=15568, stack(0x000000d337200000,0x000000d337300000)]
  0x000002bff993d800 JavaThread "jar transforms Thread 64" [_thread_blocked, id=15592, stack(0x000000d337300000,0x000000d337400000)]
  0x000002bff993e800 JavaThread "jar transforms Thread 65" [_thread_blocked, id=15180, stack(0x000000d337400000,0x000000d337500000)]
  0x000002bff993f800 JavaThread "jar transforms Thread 66" [_thread_blocked, id=6992, stack(0x000000d337500000,0x000000d337600000)]
  0x000002bff9940000 JavaThread "jar transforms Thread 67" [_thread_blocked, id=5528, stack(0x000000d337600000,0x000000d337700000)]
  0x000002bff96f5000 JavaThread "jar transforms Thread 68" [_thread_blocked, id=5240, stack(0x000000d337700000,0x000000d337800000)]
  0x000002bff96f1000 JavaThread "jar transforms Thread 69" [_thread_blocked, id=2188, stack(0x000000d337800000,0x000000d337900000)]
  0x000002bff96f0800 JavaThread "jar transforms Thread 70" [_thread_blocked, id=8880, stack(0x000000d337900000,0x000000d337a00000)]
  0x000002bff96f7800 JavaThread "jar transforms Thread 71" [_thread_blocked, id=13252, stack(0x000000d337a00000,0x000000d337b00000)]
  0x000002bff96f3000 JavaThread "jar transforms Thread 72" [_thread_blocked, id=1516, stack(0x000000d337b00000,0x000000d337c00000)]
  0x000002bff96f6000 JavaThread "jar transforms Thread 73" [_thread_blocked, id=9280, stack(0x000000d337c00000,0x000000d337d00000)]
  0x000002bff96f2000 JavaThread "jar transforms Thread 74" [_thread_blocked, id=8136, stack(0x000000d337d00000,0x000000d337e00000)]
  0x000002bff96f7000 JavaThread "jar transforms Thread 75" [_thread_blocked, id=14172, stack(0x000000d337e00000,0x000000d337f00000)]
  0x000002bff96f8800 JavaThread "jar transforms Thread 76" [_thread_blocked, id=7460, stack(0x000000d337f00000,0x000000d338000000)]
  0x000002bff96f3800 JavaThread "jar transforms Thread 77" [_thread_blocked, id=10284, stack(0x000000d338000000,0x000000d338100000)]
  0x000002bff96f9800 JavaThread "jar transforms Thread 78" [_thread_blocked, id=7772, stack(0x000000d338100000,0x000000d338200000)]
  0x000002bff96fa000 JavaThread "jar transforms Thread 79" [_thread_blocked, id=15700, stack(0x000000d338200000,0x000000d338300000)]
  0x000002bff96f4800 JavaThread "jar transforms Thread 80" [_thread_blocked, id=14400, stack(0x000000d338300000,0x000000d338400000)]
  0x000002bff96fc800 JavaThread "jar transforms Thread 81" [_thread_blocked, id=14284, stack(0x000000d338400000,0x000000d338500000)]
  0x000002bff96fe000 JavaThread "jar transforms Thread 82" [_thread_blocked, id=11004, stack(0x000000d338500000,0x000000d338600000)]
  0x000002bff96fb000 JavaThread "jar transforms Thread 83" [_thread_blocked, id=1088, stack(0x000000d338600000,0x000000d338700000)]
  0x000002bff96fb800 JavaThread "jar transforms Thread 84" [_thread_blocked, id=16296, stack(0x000000d338700000,0x000000d338800000)]
  0x000002bff96fd800 JavaThread "jar transforms Thread 85" [_thread_blocked, id=16272, stack(0x000000d338800000,0x000000d338900000)]
  0x000002bff96ff000 JavaThread "jar transforms Thread 86" [_thread_blocked, id=8912, stack(0x000000d338900000,0x000000d338a00000)]
  0x000002bffc162800 JavaThread "jar transforms Thread 87" [_thread_blocked, id=4188, stack(0x000000d338a00000,0x000000d338b00000)]
  0x000002bffc160800 JavaThread "jar transforms Thread 88" [_thread_blocked, id=13164, stack(0x000000d338b00000,0x000000d338c00000)]
  0x000002bffc15d000 JavaThread "jar transforms Thread 89" [_thread_blocked, id=13144, stack(0x000000d338c00000,0x000000d338d00000)]
  0x000002bffc15e800 JavaThread "jar transforms Thread 90" [_thread_blocked, id=14752, stack(0x000000d338d00000,0x000000d338e00000)]
  0x000002bffc15f800 JavaThread "jar transforms Thread 91" [_thread_blocked, id=14968, stack(0x000000d338e00000,0x000000d338f00000)]
  0x000002bffc161000 JavaThread "jar transforms Thread 92" [_thread_blocked, id=8368, stack(0x000000d338f00000,0x000000d339000000)]
  0x000002bffc162000 JavaThread "Memory manager" [_thread_blocked, id=2348, stack(0x000000d330300000,0x000000d330400000)]
  0x000002bffe039000 JavaThread "C2 CompilerThread1" daemon [_thread_in_native, id=4528, stack(0x000000d339000000,0x000000d339100000)]
  0x000002bffc163800 JavaThread "jar transforms Thread 93" [_thread_blocked, id=15352, stack(0x000000d339100000,0x000000d339200000)]
  0x000002bffc15e000 JavaThread "jar transforms Thread 94" [_thread_blocked, id=12260, stack(0x000000d339200000,0x000000d339300000)]
  0x000002bffc167800 JavaThread "jar transforms Thread 95" [_thread_blocked, id=512, stack(0x000000d339300000,0x000000d339400000)]
  0x000002bffc165000 JavaThread "jar transforms Thread 96" [_thread_blocked, id=13736, stack(0x000000d339400000,0x000000d339500000)]
  0x000002bffc16a000 JavaThread "jar transforms Thread 97" [_thread_blocked, id=2456, stack(0x000000d339500000,0x000000d339600000)]
  0x000002bffc166000 JavaThread "jar transforms Thread 98" [_thread_blocked, id=15088, stack(0x000000d339600000,0x000000d339700000)]
  0x000002bffc167000 JavaThread "jar transforms Thread 99" [_thread_blocked, id=14588, stack(0x000000d339700000,0x000000d339800000)]
  0x000002bffc169000 JavaThread "jar transforms Thread 100" [_thread_blocked, id=16304, stack(0x000000d339800000,0x000000d339900000)]
  0x000002bffc164800 JavaThread "jar transforms Thread 101" [_thread_blocked, id=716, stack(0x000000d339900000,0x000000d339a00000)]
  0x000002bffc16b000 JavaThread "jar transforms Thread 102" [_thread_blocked, id=8872, stack(0x000000d339a00000,0x000000d339b00000)]
  0x000002bffc16b800 JavaThread "jar transforms Thread 103" [_thread_blocked, id=16008, stack(0x000000d339b00000,0x000000d339c00000)]
  0x000002bffe40b000 JavaThread "jar transforms Thread 104" [_thread_blocked, id=15532, stack(0x000000d339c00000,0x000000d339d00000)]
  0x000002bffe408800 JavaThread "jar transforms Thread 105" [_thread_blocked, id=1652, stack(0x000000d339d00000,0x000000d339e00000)]
  0x000002bffe407000 JavaThread "jar transforms Thread 106" [_thread_blocked, id=1536, stack(0x000000d339e00000,0x000000d339f00000)]
  0x000002bffe40a000 JavaThread "jar transforms Thread 107" [_thread_blocked, id=15184, stack(0x000000d339f00000,0x000000d33a000000)]
  0x000002bffe409800 JavaThread "jar transforms Thread 108" [_thread_blocked, id=4600, stack(0x000000d33a000000,0x000000d33a100000)]
  0x000002bffe405800 JavaThread "jar transforms Thread 109" [_thread_blocked, id=14144, stack(0x000000d33a100000,0x000000d33a200000)]
  0x000002bffe406000 JavaThread "jar transforms Thread 110" [_thread_blocked, id=6604, stack(0x000000d33a200000,0x000000d33a300000)]
  0x000002bffe40c800 JavaThread "jar transforms Thread 111" [_thread_blocked, id=10904, stack(0x000000d33a300000,0x000000d33a400000)]
  0x000002bffe407800 JavaThread "jar transforms Thread 112" [_thread_blocked, id=16352, stack(0x000000d33a400000,0x000000d33a500000)]
  0x000002bffe40f000 JavaThread "jar transforms Thread 113" [_thread_blocked, id=6016, stack(0x000000d33a500000,0x000000d33a600000)]
  0x000002bffe40d800 JavaThread "jar transforms Thread 114" [_thread_blocked, id=848, stack(0x000000d33a600000,0x000000d33a700000)]
  0x000002bffe411800 JavaThread "jar transforms Thread 115" [_thread_blocked, id=7776, stack(0x000000d33a700000,0x000000d33a800000)]
  0x000002bffe40e000 JavaThread "jar transforms Thread 116" [_thread_blocked, id=12544, stack(0x000000d33a800000,0x000000d33a900000)]
  0x000002bffe410000 JavaThread "jar transforms Thread 117" [_thread_blocked, id=5656, stack(0x000000d33a900000,0x000000d33aa00000)]
  0x000002bffe410800 JavaThread "jar transforms Thread 118" [_thread_blocked, id=15964, stack(0x000000d33aa00000,0x000000d33ab00000)]
  0x000002bffe40c000 JavaThread "jar transforms Thread 119" [_thread_blocked, id=4236, stack(0x000000d33ab00000,0x000000d33ac00000)]
  0x000002bffe412800 JavaThread "jar transforms Thread 120" [_thread_blocked, id=10968, stack(0x000000d33ac00000,0x000000d33ad00000)]
  0x000002bffe413000 JavaThread "jar transforms Thread 121" [_thread_blocked, id=15716, stack(0x000000d33ad00000,0x000000d33ae00000)]
  0x000002bffe414000 JavaThread "jar transforms Thread 122" [_thread_blocked, id=5480, stack(0x000000d33ae00000,0x000000d33af00000)]
  0x000002bf80f65000 JavaThread "jar transforms Thread 123" [_thread_blocked, id=15872, stack(0x000000d33af00000,0x000000d33b000000)]
  0x000002bf80f66000 JavaThread "jar transforms Thread 124" [_thread_blocked, id=6540, stack(0x000000d33b000000,0x000000d33b100000)]
  0x000002bf80f64800 JavaThread "jar transforms Thread 125" [_thread_blocked, id=14208, stack(0x000000d33b100000,0x000000d33b200000)]
  0x000002bf80f63800 JavaThread "jar transforms Thread 126" [_thread_blocked, id=11332, stack(0x000000d33b200000,0x000000d33b300000)]
  0x000002bf80f6b000 JavaThread "jar transforms Thread 127" [_thread_blocked, id=15704, stack(0x000000d33b300000,0x000000d33b400000)]
  0x000002bf80f67800 JavaThread "jar transforms Thread 128" [_thread_blocked, id=15828, stack(0x000000d33b400000,0x000000d33b500000)]
  0x000002bf80f69800 JavaThread "jar transforms Thread 129" [_thread_blocked, id=14804, stack(0x000000d33b500000,0x000000d33b600000)]
  0x000002bf80f6c800 JavaThread "jar transforms Thread 130" [_thread_blocked, id=10364, stack(0x000000d33b600000,0x000000d33b700000)]
  0x000002bf80f6a000 JavaThread "jar transforms Thread 131" [_thread_blocked, id=1068, stack(0x000000d33b700000,0x000000d33b800000)]

Other Threads:
  0x000002bff6d92800 VMThread "VM Thread" [stack: 0x000000d330c00000,0x000000d330d00000] [id=12284]
  0x000002bff78b7000 WatcherThread [stack: 0x000000d331600000,0x000000d331700000] [id=3120]
  0x000002bfdc111000 GCTaskThread "GC Thread#0" [stack: 0x000000d330700000,0x000000d330800000] [id=1368]
  0x000002bff80d8000 GCTaskThread "GC Thread#1" [stack: 0x000000d331700000,0x000000d331800000] [id=3808]
  0x000002bff80d9000 GCTaskThread "GC Thread#2" [stack: 0x000000d331800000,0x000000d331900000] [id=11136]
  0x000002bff80d9800 GCTaskThread "GC Thread#3" [stack: 0x000000d331900000,0x000000d331a00000] [id=10972]
  0x000002bfdc121800 ConcurrentGCThread "G1 Main Marker" [stack: 0x000000d330800000,0x000000d330900000] [id=10104]
  0x000002bfdc123800 ConcurrentGCThread "G1 Conc#0" [stack: 0x000000d330900000,0x000000d330a00000] [id=8208]
  0x000002bff6c30800 ConcurrentGCThread "G1 Refine#0" [stack: 0x000000d330a00000,0x000000d330b00000] [id=13632]
  0x000002bfdc1dd800 ConcurrentGCThread "G1 Young RemSet Sampling" [stack: 0x000000d330b00000,0x000000d330c00000] [id=5336]

Threads with active compile tasks:
C2 CompilerThread0  54782 8610       4       sun.reflect.generics.parser.SignatureParser::parseFieldTypeSignature (73 bytes)
C2 CompilerThread1  54782 8707       4       java.util.regex.Pattern$NotBehind::match (137 bytes)

VM state:not at safepoint (normal execution)

VM Mutex/Monitor currently owned by a thread: None

Heap address: 0x00000000e0000000, size: 512 MB, Compressed Oops mode: 32-bit
Narrow klass base: 0x0000000000000000, Narrow klass shift: 3
Compressed class space size: 260046848 Address: 0x0000000100000000

Heap:
 garbage-first heap   total 262144K, used 191488K [0x00000000e0000000, 0x0000000100000000)
  region size 1024K, 125 young (128000K), 16 survivors (16384K)
 Metaspace       used 78058K, capacity 81147K, committed 81444K, reserved 325632K
  class space    used 10183K, capacity 11340K, committed 11392K, reserved 253952K
Heap Regions: E=young(eden), S=young(survivor), O=old, HS=humongous(starts), HC=humongous(continues), CS=collection set, F=free, A=archive, TAMS=top-at-mark-start (previous, next)
|   0|0x00000000e0000000, 0x00000000e0100000, 0x00000000e0100000|100%| O|  |TAMS 0x00000000e0100000, 0x00000000e0000000| Untracked 
|   1|0x00000000e0100000, 0x00000000e0200000, 0x00000000e0200000|100%| O|  |TAMS 0x00000000e0200000, 0x00000000e0100000| Untracked 
|   2|0x00000000e0200000, 0x00000000e0300000, 0x00000000e0300000|100%| O|  |TAMS 0x00000000e0300000, 0x00000000e0200000| Untracked 
|   3|0x00000000e0300000, 0x00000000e0400000, 0x00000000e0400000|100%|HS|  |TAMS 0x00000000e0400000, 0x00000000e0300000| Complete 
|   4|0x00000000e0400000, 0x00000000e0500000, 0x00000000e0500000|100%|HC|  |TAMS 0x00000000e0500000, 0x00000000e0400000| Complete 
|   5|0x00000000e0500000, 0x00000000e0600000, 0x00000000e0600000|100%|HC|  |TAMS 0x00000000e0600000, 0x00000000e0500000| Complete 
|   6|0x00000000e0600000, 0x00000000e0700000, 0x00000000e0700000|100%| O|  |TAMS 0x00000000e0700000, 0x00000000e0600000| Untracked 
|   7|0x00000000e0700000, 0x00000000e0800000, 0x00000000e0800000|100%| O|  |TAMS 0x00000000e0800000, 0x00000000e0700000| Untracked 
|   8|0x00000000e0800000, 0x00000000e0900000, 0x00000000e0900000|100%| O|  |TAMS 0x00000000e0900000, 0x00000000e0800000| Untracked 
|   9|0x00000000e0900000, 0x00000000e0a00000, 0x00000000e0a00000|100%| O|  |TAMS 0x00000000e0a00000, 0x00000000e0900000| Untracked 
|  10|0x00000000e0a00000, 0x00000000e0b00000, 0x00000000e0b00000|100%| O|  |TAMS 0x00000000e0b00000, 0x00000000e0a00000| Untracked 
|  11|0x00000000e0b00000, 0x00000000e0c00000, 0x00000000e0c00000|100%| O|  |TAMS 0x00000000e0c00000, 0x00000000e0b00000| Untracked 
|  12|0x00000000e0c00000, 0x00000000e0d00000, 0x00000000e0d00000|100%| O|  |TAMS 0x00000000e0d00000, 0x00000000e0c00000| Untracked 
|  13|0x00000000e0d00000, 0x00000000e0e00000, 0x00000000e0e00000|100%|HS|  |TAMS 0x00000000e0e00000, 0x00000000e0d00000| Complete 
|  14|0x00000000e0e00000, 0x00000000e0f00000, 0x00000000e0f00000|100%|HS|  |TAMS 0x00000000e0f00000, 0x00000000e0e00000| Complete 
|  15|0x00000000e0f00000, 0x00000000e1000000, 0x00000000e1000000|100%|HC|  |TAMS 0x00000000e1000000, 0x00000000e0f00000| Complete 
|  16|0x00000000e1000000, 0x00000000e1100000, 0x00000000e1100000|100%| O|  |TAMS 0x00000000e1100000, 0x00000000e1000000| Untracked 
|  17|0x00000000e1100000, 0x00000000e1200000, 0x00000000e1200000|100%| O|  |TAMS 0x00000000e1200000, 0x00000000e1100000| Untracked 
|  18|0x00000000e1200000, 0x00000000e1300000, 0x00000000e1300000|100%| O|  |TAMS 0x00000000e1300000, 0x00000000e1200000| Untracked 
|  19|0x00000000e1300000, 0x00000000e1400000, 0x00000000e1400000|100%| O|  |TAMS 0x00000000e1400000, 0x00000000e1300000| Untracked 
|  20|0x00000000e1400000, 0x00000000e1500000, 0x00000000e1500000|100%| O|  |TAMS 0x00000000e1500000, 0x00000000e1400000| Untracked 
|  21|0x00000000e1500000, 0x00000000e1600000, 0x00000000e1600000|100%| O|  |TAMS 0x00000000e1600000, 0x00000000e1500000| Untracked 
|  22|0x00000000e1600000, 0x00000000e1700000, 0x00000000e1700000|100%| O|  |TAMS 0x00000000e1700000, 0x00000000e1600000| Untracked 
|  23|0x00000000e1700000, 0x00000000e1800000, 0x00000000e1800000|100%| O|  |TAMS 0x00000000e1800000, 0x00000000e1700000| Untracked 
|  24|0x00000000e1800000, 0x00000000e1900000, 0x00000000e1900000|100%| O|  |TAMS 0x00000000e1900000, 0x00000000e1800000| Untracked 
|  25|0x00000000e1900000, 0x00000000e1a00000, 0x00000000e1a00000|100%| O|  |TAMS 0x00000000e1a00000, 0x00000000e1900000| Untracked 
|  26|0x00000000e1a00000, 0x00000000e1b00000, 0x00000000e1b00000|100%| O|  |TAMS 0x00000000e1b00000, 0x00000000e1a00000| Untracked 
|  27|0x00000000e1b00000, 0x00000000e1c00000, 0x00000000e1c00000|100%| O|  |TAMS 0x00000000e1c00000, 0x00000000e1b00000| Untracked 
|  28|0x00000000e1c00000, 0x00000000e1d00000, 0x00000000e1d00000|100%| O|  |TAMS 0x00000000e1d00000, 0x00000000e1c00000| Untracked 
|  29|0x00000000e1d00000, 0x00000000e1e00000, 0x00000000e1e00000|100%| O|  |TAMS 0x00000000e1e00000, 0x00000000e1d00000| Untracked 
|  30|0x00000000e1e00000, 0x00000000e1f00000, 0x00000000e1f00000|100%| O|  |TAMS 0x00000000e1f00000, 0x00000000e1e00000| Untracked 
|  31|0x00000000e1f00000, 0x00000000e2000000, 0x00000000e2000000|100%| O|  |TAMS 0x00000000e2000000, 0x00000000e1f00000| Untracked 
|  32|0x00000000e2000000, 0x00000000e2100000, 0x00000000e2100000|100%| O|  |TAMS 0x00000000e2100000, 0x00000000e2000000| Untracked 
|  33|0x00000000e2100000, 0x00000000e2200000, 0x00000000e2200000|100%| O|  |TAMS 0x00000000e2200000, 0x00000000e2100000| Untracked 
|  34|0x00000000e2200000, 0x00000000e2300000, 0x00000000e2300000|100%| O|  |TAMS 0x00000000e2300000, 0x00000000e2200000| Untracked 
|  35|0x00000000e2300000, 0x00000000e2400000, 0x00000000e2400000|100%| O|  |TAMS 0x00000000e2400000, 0x00000000e2300000| Untracked 
|  36|0x00000000e2400000, 0x00000000e2500000, 0x00000000e2500000|100%| O|  |TAMS 0x00000000e2500000, 0x00000000e2400000| Untracked 
|  37|0x00000000e2500000, 0x00000000e2600000, 0x00000000e2600000|100%| O|  |TAMS 0x00000000e2600000, 0x00000000e2500000| Untracked 
|  38|0x00000000e2600000, 0x00000000e2700000, 0x00000000e2700000|100%| O|  |TAMS 0x00000000e2700000, 0x00000000e2600000| Untracked 
|  39|0x00000000e2700000, 0x00000000e2800000, 0x00000000e2800000|100%| O|  |TAMS 0x00000000e2800000, 0x00000000e2700000| Untracked 
|  40|0x00000000e2800000, 0x00000000e2900000, 0x00000000e2900000|100%| O|  |TAMS 0x00000000e2900000, 0x00000000e2800000| Untracked 
|  41|0x00000000e2900000, 0x00000000e2a00000, 0x00000000e2a00000|100%|HS|  |TAMS 0x00000000e2a00000, 0x00000000e2900000| Complete 
|  42|0x00000000e2a00000, 0x00000000e2b00000, 0x00000000e2b00000|100%|HC|  |TAMS 0x00000000e2b00000, 0x00000000e2a00000| Complete 
|  43|0x00000000e2b00000, 0x00000000e2c00000, 0x00000000e2c00000|100%|HS|  |TAMS 0x00000000e2c00000, 0x00000000e2b00000| Complete 
|  44|0x00000000e2c00000, 0x00000000e2d00000, 0x00000000e2d00000|100%|HC|  |TAMS 0x00000000e2d00000, 0x00000000e2c00000| Complete 
|  45|0x00000000e2d00000, 0x00000000e2e00000, 0x00000000e2e00000|100%|HC|  |TAMS 0x00000000e2e00000, 0x00000000e2d00000| Complete 
|  46|0x00000000e2e00000, 0x00000000e2f00000, 0x00000000e2f00000|100%| O|  |TAMS 0x00000000e2f00000, 0x00000000e2e00000| Untracked 
|  47|0x00000000e2f00000, 0x00000000e3000000, 0x00000000e3000000|100%| O|  |TAMS 0x00000000e3000000, 0x00000000e2f00000| Untracked 
|  48|0x00000000e3000000, 0x00000000e3100000, 0x00000000e3100000|100%| O|  |TAMS 0x00000000e3100000, 0x00000000e3000000| Untracked 
|  49|0x00000000e3100000, 0x00000000e3200000, 0x00000000e3200000|100%| O|  |TAMS 0x00000000e3200000, 0x00000000e3100000| Untracked 
|  50|0x00000000e3200000, 0x00000000e3300000, 0x00000000e3300000|100%| O|  |TAMS 0x00000000e3300000, 0x00000000e3200000| Untracked 
|  51|0x00000000e3300000, 0x00000000e3400000, 0x00000000e3400000|100%| O|  |TAMS 0x00000000e3400000, 0x00000000e3300000| Untracked 
|  52|0x00000000e3400000, 0x00000000e3500000, 0x00000000e3500000|100%| O|  |TAMS 0x00000000e3500000, 0x00000000e3400000| Untracked 
|  53|0x00000000e3500000, 0x00000000e3600000, 0x00000000e3600000|100%| O|  |TAMS 0x00000000e3600000, 0x00000000e3500000| Untracked 
|  54|0x00000000e3600000, 0x00000000e3700000, 0x00000000e3700000|100%| O|  |TAMS 0x00000000e3700000, 0x00000000e3600000| Untracked 
|  55|0x00000000e3700000, 0x00000000e3800000, 0x00000000e3800000|100%| O|  |TAMS 0x00000000e3800000, 0x00000000e3700000| Untracked 
|  56|0x00000000e3800000, 0x00000000e3900000, 0x00000000e3900000|100%| O|  |TAMS 0x00000000e3900000, 0x00000000e3800000| Untracked 
|  57|0x00000000e3900000, 0x00000000e3a00000, 0x00000000e3a00000|100%|HS|  |TAMS 0x00000000e3900000, 0x00000000e3900000| Complete 
|  58|0x00000000e3a00000, 0x00000000e3b00000, 0x00000000e3b00000|100%|HS|  |TAMS 0x00000000e3a00000, 0x00000000e3a00000| Complete 
|  59|0x00000000e3b00000, 0x00000000e3c00000, 0x00000000e3c00000|100%|HS|  |TAMS 0x00000000e3b00000, 0x00000000e3b00000| Complete 
|  60|0x00000000e3c00000, 0x00000000e3d00000, 0x00000000e3d00000|100%|HC|  |TAMS 0x00000000e3c00000, 0x00000000e3c00000| Complete 
|  61|0x00000000e3d00000, 0x00000000e3e00000, 0x00000000e3e00000|100%|HC|  |TAMS 0x00000000e3d00000, 0x00000000e3d00000| Complete 
|  62|0x00000000e3e00000, 0x00000000e3f00000, 0x00000000e3f00000|100%|HS|  |TAMS 0x00000000e3e00000, 0x00000000e3e00000| Complete 
|  63|0x00000000e3f00000, 0x00000000e4000000, 0x00000000e4000000|100%|HC|  |TAMS 0x00000000e3f00000, 0x00000000e3f00000| Complete 
|  64|0x00000000e4000000, 0x00000000e4000000, 0x00000000e4100000|  0%| F|  |TAMS 0x00000000e4000000, 0x00000000e4000000| Untracked 
|  65|0x00000000e4100000, 0x00000000e4100000, 0x00000000e4200000|  0%| F|  |TAMS 0x00000000e4100000, 0x00000000e4100000| Untracked 
|  66|0x00000000e4200000, 0x00000000e4200000, 0x00000000e4300000|  0%| F|  |TAMS 0x00000000e4200000, 0x00000000e4200000| Untracked 
|  67|0x00000000e4300000, 0x00000000e4300000, 0x00000000e4400000|  0%| F|  |TAMS 0x00000000e4300000, 0x00000000e4300000| Untracked 
|  68|0x00000000e4400000, 0x00000000e4400000, 0x00000000e4500000|  0%| F|  |TAMS 0x00000000e4400000, 0x00000000e4400000| Untracked 
|  69|0x00000000e4500000, 0x00000000e4500000, 0x00000000e4600000|  0%| F|  |TAMS 0x00000000e4500000, 0x00000000e4500000| Untracked 
|  70|0x00000000e4600000, 0x00000000e4600000, 0x00000000e4700000|  0%| F|  |TAMS 0x00000000e4600000, 0x00000000e4600000| Untracked 
|  71|0x00000000e4700000, 0x00000000e4700000, 0x00000000e4800000|  0%| F|  |TAMS 0x00000000e4700000, 0x00000000e4700000| Untracked 
|  72|0x00000000e4800000, 0x00000000e4800000, 0x00000000e4900000|  0%| F|  |TAMS 0x00000000e4800000, 0x00000000e4800000| Untracked 
|  73|0x00000000e4900000, 0x00000000e4900000, 0x00000000e4a00000|  0%| F|  |TAMS 0x00000000e4900000, 0x00000000e4900000| Untracked 
|  74|0x00000000e4a00000, 0x00000000e4a00000, 0x00000000e4b00000|  0%| F|  |TAMS 0x00000000e4a00000, 0x00000000e4a00000| Untracked 
|  75|0x00000000e4b00000, 0x00000000e4b00000, 0x00000000e4c00000|  0%| F|  |TAMS 0x00000000e4b00000, 0x00000000e4b00000| Untracked 
|  76|0x00000000e4c00000, 0x00000000e4c00000, 0x00000000e4d00000|  0%| F|  |TAMS 0x00000000e4c00000, 0x00000000e4c00000| Untracked 
|  77|0x00000000e4d00000, 0x00000000e4d00000, 0x00000000e4e00000|  0%| F|  |TAMS 0x00000000e4d00000, 0x00000000e4d00000| Untracked 
|  78|0x00000000e4e00000, 0x00000000e4e00000, 0x00000000e4f00000|  0%| F|  |TAMS 0x00000000e4e00000, 0x00000000e4e00000| Untracked 
|  79|0x00000000e4f00000, 0x00000000e4f00000, 0x00000000e5000000|  0%| F|  |TAMS 0x00000000e4f00000, 0x00000000e4f00000| Untracked 
|  80|0x00000000e5000000, 0x00000000e5000000, 0x00000000e5100000|  0%| F|  |TAMS 0x00000000e5000000, 0x00000000e5000000| Untracked 
|  81|0x00000000e5100000, 0x00000000e5100000, 0x00000000e5200000|  0%| F|  |TAMS 0x00000000e5100000, 0x00000000e5100000| Untracked 
|  82|0x00000000e5200000, 0x00000000e5200000, 0x00000000e5300000|  0%| F|  |TAMS 0x00000000e5200000, 0x00000000e5200000| Untracked 
|  83|0x00000000e5300000, 0x00000000e5300000, 0x00000000e5400000|  0%| F|  |TAMS 0x00000000e5300000, 0x00000000e5300000| Untracked 
|  84|0x00000000e5400000, 0x00000000e5400000, 0x00000000e5500000|  0%| F|  |TAMS 0x00000000e5400000, 0x00000000e5400000| Untracked 
|  85|0x00000000e5500000, 0x00000000e5500000, 0x00000000e5600000|  0%| F|  |TAMS 0x00000000e5500000, 0x00000000e5500000| Untracked 
|  86|0x00000000e5600000, 0x00000000e5600000, 0x00000000e5700000|  0%| F|  |TAMS 0x00000000e5600000, 0x00000000e5600000| Untracked 
|  87|0x00000000e5700000, 0x00000000e5700000, 0x00000000e5800000|  0%| F|  |TAMS 0x00000000e5700000, 0x00000000e5700000| Untracked 
|  88|0x00000000e5800000, 0x00000000e5800000, 0x00000000e5900000|  0%| F|  |TAMS 0x00000000e5800000, 0x00000000e5800000| Untracked 
|  89|0x00000000e5900000, 0x00000000e5900000, 0x00000000e5a00000|  0%| F|  |TAMS 0x00000000e5900000, 0x00000000e5900000| Untracked 
|  90|0x00000000e5a00000, 0x00000000e5a00000, 0x00000000e5b00000|  0%| F|  |TAMS 0x00000000e5a00000, 0x00000000e5a00000| Untracked 
|  91|0x00000000e5b00000, 0x00000000e5b00000, 0x00000000e5c00000|  0%| F|  |TAMS 0x00000000e5b00000, 0x00000000e5b00000| Untracked 
|  92|0x00000000e5c00000, 0x00000000e5c00000, 0x00000000e5d00000|  0%| F|  |TAMS 0x00000000e5c00000, 0x00000000e5c00000| Untracked 
|  93|0x00000000e5d00000, 0x00000000e5d00000, 0x00000000e5e00000|  0%| F|  |TAMS 0x00000000e5d00000, 0x00000000e5d00000| Untracked 
|  94|0x00000000e5e00000, 0x00000000e5e00000, 0x00000000e5f00000|  0%| F|  |TAMS 0x00000000e5e00000, 0x00000000e5e00000| Untracked 
|  95|0x00000000e5f00000, 0x00000000e5f00000, 0x00000000e6000000|  0%| F|  |TAMS 0x00000000e5f00000, 0x00000000e5f00000| Untracked 
|  96|0x00000000e6000000, 0x00000000e6000000, 0x00000000e6100000|  0%| F|  |TAMS 0x00000000e6000000, 0x00000000e6000000| Untracked 
|  97|0x00000000e6100000, 0x00000000e6100000, 0x00000000e6200000|  0%| F|  |TAMS 0x00000000e6100000, 0x00000000e6100000| Untracked 
|  98|0x00000000e6200000, 0x00000000e6200000, 0x00000000e6300000|  0%| F|  |TAMS 0x00000000e6200000, 0x00000000e6200000| Untracked 
|  99|0x00000000e6300000, 0x00000000e6300000, 0x00000000e6400000|  0%| F|  |TAMS 0x00000000e6300000, 0x00000000e6300000| Untracked 
| 100|0x00000000e6400000, 0x00000000e6400000, 0x00000000e6500000|  0%| F|  |TAMS 0x00000000e6400000, 0x00000000e6400000| Untracked 
| 101|0x00000000e6500000, 0x00000000e6500000, 0x00000000e6600000|  0%| F|  |TAMS 0x00000000e6500000, 0x00000000e6500000| Untracked 
| 102|0x00000000e6600000, 0x00000000e6600000, 0x00000000e6700000|  0%| F|  |TAMS 0x00000000e6600000, 0x00000000e6600000| Untracked 
| 103|0x00000000e6700000, 0x00000000e6700000, 0x00000000e6800000|  0%| F|  |TAMS 0x00000000e6700000, 0x00000000e6700000| Untracked 
| 104|0x00000000e6800000, 0x00000000e6800000, 0x00000000e6900000|  0%| F|  |TAMS 0x00000000e6800000, 0x00000000e6800000| Untracked 
| 105|0x00000000e6900000, 0x00000000e6900000, 0x00000000e6a00000|  0%| F|  |TAMS 0x00000000e6900000, 0x00000000e6900000| Untracked 
| 106|0x00000000e6a00000, 0x00000000e6a00000, 0x00000000e6b00000|  0%| F|  |TAMS 0x00000000e6a00000, 0x00000000e6a00000| Untracked 
| 107|0x00000000e6b00000, 0x00000000e6b00000, 0x00000000e6c00000|  0%| F|  |TAMS 0x00000000e6b00000, 0x00000000e6b00000| Untracked 
| 108|0x00000000e6c00000, 0x00000000e6c00000, 0x00000000e6d00000|  0%| F|  |TAMS 0x00000000e6c00000, 0x00000000e6c00000| Untracked 
| 109|0x00000000e6d00000, 0x00000000e6d00000, 0x00000000e6e00000|  0%| F|  |TAMS 0x00000000e6d00000, 0x00000000e6d00000| Untracked 
| 110|0x00000000e6e00000, 0x00000000e6e00000, 0x00000000e6f00000|  0%| F|  |TAMS 0x00000000e6e00000, 0x00000000e6e00000| Untracked 
| 111|0x00000000e6f00000, 0x00000000e6f00000, 0x00000000e7000000|  0%| F|  |TAMS 0x00000000e6f00000, 0x00000000e6f00000| Untracked 
| 112|0x00000000e7000000, 0x00000000e7000000, 0x00000000e7100000|  0%| F|  |TAMS 0x00000000e7000000, 0x00000000e7000000| Untracked 
| 113|0x00000000e7100000, 0x00000000e7100000, 0x00000000e7200000|  0%| F|  |TAMS 0x00000000e7100000, 0x00000000e7100000| Untracked 
| 114|0x00000000e7200000, 0x00000000e7200000, 0x00000000e7300000|  0%| F|  |TAMS 0x00000000e7200000, 0x00000000e7200000| Untracked 
| 115|0x00000000e7300000, 0x00000000e7300000, 0x00000000e7400000|  0%| F|  |TAMS 0x00000000e7300000, 0x00000000e7300000| Untracked 
| 116|0x00000000e7400000, 0x00000000e7400000, 0x00000000e7500000|  0%| F|  |TAMS 0x00000000e7400000, 0x00000000e7400000| Untracked 
| 117|0x00000000e7500000, 0x00000000e7500000, 0x00000000e7600000|  0%| F|  |TAMS 0x00000000e7500000, 0x00000000e7500000| Untracked 
| 118|0x00000000e7600000, 0x00000000e7600000, 0x00000000e7700000|  0%| F|  |TAMS 0x00000000e7600000, 0x00000000e7600000| Untracked 
| 119|0x00000000e7700000, 0x00000000e7700000, 0x00000000e7800000|  0%| F|  |TAMS 0x00000000e7700000, 0x00000000e7700000| Untracked 
| 120|0x00000000e7800000, 0x00000000e7800000, 0x00000000e7900000|  0%| F|  |TAMS 0x00000000e7800000, 0x00000000e7800000| Untracked 
| 121|0x00000000e7900000, 0x00000000e7900000, 0x00000000e7a00000|  0%| F|  |TAMS 0x00000000e7900000, 0x00000000e7900000| Untracked 
| 122|0x00000000e7a00000, 0x00000000e7a00000, 0x00000000e7b00000|  0%| F|  |TAMS 0x00000000e7a00000, 0x00000000e7a00000| Untracked 
| 123|0x00000000e7b00000, 0x00000000e7b00000, 0x00000000e7c00000|  0%| F|  |TAMS 0x00000000e7b00000, 0x00000000e7b00000| Untracked 
| 124|0x00000000e7c00000, 0x00000000e7c00000, 0x00000000e7d00000|  0%| F|  |TAMS 0x00000000e7c00000, 0x00000000e7c00000| Untracked 
| 125|0x00000000e7d00000, 0x00000000e7d00000, 0x00000000e7e00000|  0%| F|  |TAMS 0x00000000e7d00000, 0x00000000e7d00000| Untracked 
| 126|0x00000000e7e00000, 0x00000000e7e00000, 0x00000000e7f00000|  0%| F|  |TAMS 0x00000000e7e00000, 0x00000000e7e00000| Untracked 
| 127|0x00000000e7f00000, 0x00000000e7f00000, 0x00000000e8000000|  0%| F|  |TAMS 0x00000000e7f00000, 0x00000000e7f00000| Untracked 
| 128|0x00000000e8000000, 0x00000000e8100000, 0x00000000e8100000|100%| S|CS|TAMS 0x00000000e8000000, 0x00000000e8000000| Complete 
| 129|0x00000000e8100000, 0x00000000e8200000, 0x00000000e8200000|100%| S|CS|TAMS 0x00000000e8100000, 0x00000000e8100000| Complete 
| 130|0x00000000e8200000, 0x00000000e8300000, 0x00000000e8300000|100%| S|CS|TAMS 0x00000000e8200000, 0x00000000e8200000| Complete 
| 131|0x00000000e8300000, 0x00000000e8400000, 0x00000000e8400000|100%| S|CS|TAMS 0x00000000e8300000, 0x00000000e8300000| Complete 
| 132|0x00000000e8400000, 0x00000000e8500000, 0x00000000e8500000|100%| S|CS|TAMS 0x00000000e8400000, 0x00000000e8400000| Complete 
| 133|0x00000000e8500000, 0x00000000e8600000, 0x00000000e8600000|100%| S|CS|TAMS 0x00000000e8500000, 0x00000000e8500000| Complete 
| 134|0x00000000e8600000, 0x00000000e8700000, 0x00000000e8700000|100%| S|CS|TAMS 0x00000000e8600000, 0x00000000e8600000| Complete 
| 135|0x00000000e8700000, 0x00000000e8800000, 0x00000000e8800000|100%| S|CS|TAMS 0x00000000e8700000, 0x00000000e8700000| Complete 
| 136|0x00000000e8800000, 0x00000000e8900000, 0x00000000e8900000|100%| S|CS|TAMS 0x00000000e8800000, 0x00000000e8800000| Complete 
| 137|0x00000000e8900000, 0x00000000e8a00000, 0x00000000e8a00000|100%| S|CS|TAMS 0x00000000e8900000, 0x00000000e8900000| Complete 
| 138|0x00000000e8a00000, 0x00000000e8b00000, 0x00000000e8b00000|100%| S|CS|TAMS 0x00000000e8a00000, 0x00000000e8a00000| Complete 
| 139|0x00000000e8b00000, 0x00000000e8c00000, 0x00000000e8c00000|100%| S|CS|TAMS 0x00000000e8b00000, 0x00000000e8b00000| Complete 
| 140|0x00000000e8c00000, 0x00000000e8d00000, 0x00000000e8d00000|100%| S|CS|TAMS 0x00000000e8c00000, 0x00000000e8c00000| Complete 
| 141|0x00000000e8d00000, 0x00000000e8e00000, 0x00000000e8e00000|100%| S|CS|TAMS 0x00000000e8d00000, 0x00000000e8d00000| Complete 
| 142|0x00000000e8e00000, 0x00000000e8f00000, 0x00000000e8f00000|100%| S|CS|TAMS 0x00000000e8e00000, 0x00000000e8e00000| Complete 
| 143|0x00000000e8f00000, 0x00000000e9000000, 0x00000000e9000000|100%| S|CS|TAMS 0x00000000e8f00000, 0x00000000e8f00000| Complete 
| 144|0x00000000e9000000, 0x00000000e9000000, 0x00000000e9100000|  0%| F|  |TAMS 0x00000000e9000000, 0x00000000e9000000| Untracked 
| 145|0x00000000e9100000, 0x00000000e9100000, 0x00000000e9200000|  0%| F|  |TAMS 0x00000000e9100000, 0x00000000e9100000| Untracked 
| 146|0x00000000e9200000, 0x00000000e9282038, 0x00000000e9300000| 50%| E|  |TAMS 0x00000000e9200000, 0x00000000e9200000| Complete 
| 147|0x00000000e9300000, 0x00000000e9400000, 0x00000000e9400000|100%| E|CS|TAMS 0x00000000e9300000, 0x00000000e9300000| Complete 
| 148|0x00000000e9400000, 0x00000000e9500000, 0x00000000e9500000|100%| E|CS|TAMS 0x00000000e9400000, 0x00000000e9400000| Complete 
| 149|0x00000000e9500000, 0x00000000e9600000, 0x00000000e9600000|100%| E|CS|TAMS 0x00000000e9500000, 0x00000000e9500000| Complete 
| 150|0x00000000e9600000, 0x00000000e9700000, 0x00000000e9700000|100%| E|CS|TAMS 0x00000000e9600000, 0x00000000e9600000| Complete 
| 151|0x00000000e9700000, 0x00000000e9800000, 0x00000000e9800000|100%| E|CS|TAMS 0x00000000e9700000, 0x00000000e9700000| Complete 
| 152|0x00000000e9800000, 0x00000000e9900000, 0x00000000e9900000|100%| E|CS|TAMS 0x00000000e9800000, 0x00000000e9800000| Complete 
| 153|0x00000000e9900000, 0x00000000e9a00000, 0x00000000e9a00000|100%| E|CS|TAMS 0x00000000e9900000, 0x00000000e9900000| Complete 
| 154|0x00000000e9a00000, 0x00000000e9b00000, 0x00000000e9b00000|100%| E|CS|TAMS 0x00000000e9a00000, 0x00000000e9a00000| Complete 
| 155|0x00000000e9b00000, 0x00000000e9c00000, 0x00000000e9c00000|100%| E|CS|TAMS 0x00000000e9b00000, 0x00000000e9b00000| Complete 
| 156|0x00000000e9c00000, 0x00000000e9d00000, 0x00000000e9d00000|100%| E|CS|TAMS 0x00000000e9c00000, 0x00000000e9c00000| Complete 
| 157|0x00000000e9d00000, 0x00000000e9e00000, 0x00000000e9e00000|100%| E|CS|TAMS 0x00000000e9d00000, 0x00000000e9d00000| Complete 
| 158|0x00000000e9e00000, 0x00000000e9f00000, 0x00000000e9f00000|100%| E|CS|TAMS 0x00000000e9e00000, 0x00000000e9e00000| Complete 
| 159|0x00000000e9f00000, 0x00000000ea000000, 0x00000000ea000000|100%| E|CS|TAMS 0x00000000e9f00000, 0x00000000e9f00000| Complete 
| 160|0x00000000ea000000, 0x00000000ea100000, 0x00000000ea100000|100%| E|CS|TAMS 0x00000000ea000000, 0x00000000ea000000| Complete 
| 161|0x00000000ea100000, 0x00000000ea200000, 0x00000000ea200000|100%| E|CS|TAMS 0x00000000ea100000, 0x00000000ea100000| Complete 
| 162|0x00000000ea200000, 0x00000000ea300000, 0x00000000ea300000|100%| E|CS|TAMS 0x00000000ea200000, 0x00000000ea200000| Complete 
| 163|0x00000000ea300000, 0x00000000ea400000, 0x00000000ea400000|100%| E|CS|TAMS 0x00000000ea300000, 0x00000000ea300000| Complete 
| 164|0x00000000ea400000, 0x00000000ea500000, 0x00000000ea500000|100%| E|CS|TAMS 0x00000000ea400000, 0x00000000ea400000| Complete 
| 165|0x00000000ea500000, 0x00000000ea600000, 0x00000000ea600000|100%| E|CS|TAMS 0x00000000ea500000, 0x00000000ea500000| Complete 
| 166|0x00000000ea600000, 0x00000000ea700000, 0x00000000ea700000|100%| E|CS|TAMS 0x00000000ea600000, 0x00000000ea600000| Complete 
| 167|0x00000000ea700000, 0x00000000ea800000, 0x00000000ea800000|100%| E|CS|TAMS 0x00000000ea700000, 0x00000000ea700000| Complete 
| 168|0x00000000ea800000, 0x00000000ea900000, 0x00000000ea900000|100%| E|CS|TAMS 0x00000000ea800000, 0x00000000ea800000| Complete 
| 169|0x00000000ea900000, 0x00000000eaa00000, 0x00000000eaa00000|100%| E|CS|TAMS 0x00000000ea900000, 0x00000000ea900000| Complete 
| 170|0x00000000eaa00000, 0x00000000eab00000, 0x00000000eab00000|100%| E|CS|TAMS 0x00000000eaa00000, 0x00000000eaa00000| Complete 
| 171|0x00000000eab00000, 0x00000000eac00000, 0x00000000eac00000|100%| E|CS|TAMS 0x00000000eab00000, 0x00000000eab00000| Complete 
| 172|0x00000000eac00000, 0x00000000ead00000, 0x00000000ead00000|100%| E|CS|TAMS 0x00000000eac00000, 0x00000000eac00000| Complete 
| 173|0x00000000ead00000, 0x00000000eae00000, 0x00000000eae00000|100%| E|CS|TAMS 0x00000000ead00000, 0x00000000ead00000| Complete 
| 174|0x00000000eae00000, 0x00000000eaf00000, 0x00000000eaf00000|100%| E|CS|TAMS 0x00000000eae00000, 0x00000000eae00000| Complete 
| 175|0x00000000eaf00000, 0x00000000eb000000, 0x00000000eb000000|100%| E|CS|TAMS 0x00000000eaf00000, 0x00000000eaf00000| Complete 
| 176|0x00000000eb000000, 0x00000000eb100000, 0x00000000eb100000|100%| E|CS|TAMS 0x00000000eb000000, 0x00000000eb000000| Complete 
| 177|0x00000000eb100000, 0x00000000eb200000, 0x00000000eb200000|100%| E|CS|TAMS 0x00000000eb100000, 0x00000000eb100000| Complete 
| 178|0x00000000eb200000, 0x00000000eb300000, 0x00000000eb300000|100%| E|CS|TAMS 0x00000000eb200000, 0x00000000eb200000| Complete 
| 179|0x00000000eb300000, 0x00000000eb400000, 0x00000000eb400000|100%| E|CS|TAMS 0x00000000eb300000, 0x00000000eb300000| Complete 
| 180|0x00000000eb400000, 0x00000000eb500000, 0x00000000eb500000|100%| E|CS|TAMS 0x00000000eb400000, 0x00000000eb400000| Complete 
| 181|0x00000000eb500000, 0x00000000eb600000, 0x00000000eb600000|100%| E|CS|TAMS 0x00000000eb500000, 0x00000000eb500000| Complete 
| 182|0x00000000eb600000, 0x00000000eb700000, 0x00000000eb700000|100%| E|CS|TAMS 0x00000000eb600000, 0x00000000eb600000| Complete 
| 183|0x00000000eb700000, 0x00000000eb800000, 0x00000000eb800000|100%| E|CS|TAMS 0x00000000eb700000, 0x00000000eb700000| Complete 
| 184|0x00000000eb800000, 0x00000000eb900000, 0x00000000eb900000|100%| E|CS|TAMS 0x00000000eb800000, 0x00000000eb800000| Complete 
| 185|0x00000000eb900000, 0x00000000eba00000, 0x00000000eba00000|100%| E|CS|TAMS 0x00000000eb900000, 0x00000000eb900000| Complete 
| 186|0x00000000eba00000, 0x00000000ebb00000, 0x00000000ebb00000|100%| E|CS|TAMS 0x00000000eba00000, 0x00000000eba00000| Complete 
| 187|0x00000000ebb00000, 0x00000000ebc00000, 0x00000000ebc00000|100%| E|CS|TAMS 0x00000000ebb00000, 0x00000000ebb00000| Complete 
| 188|0x00000000ebc00000, 0x00000000ebd00000, 0x00000000ebd00000|100%| E|CS|TAMS 0x00000000ebc00000, 0x00000000ebc00000| Complete 
| 189|0x00000000ebd00000, 0x00000000ebe00000, 0x00000000ebe00000|100%| E|CS|TAMS 0x00000000ebd00000, 0x00000000ebd00000| Complete 
| 190|0x00000000ebe00000, 0x00000000ebf00000, 0x00000000ebf00000|100%| E|CS|TAMS 0x00000000ebe00000, 0x00000000ebe00000| Complete 
| 191|0x00000000ebf00000, 0x00000000ec000000, 0x00000000ec000000|100%| E|CS|TAMS 0x00000000ebf00000, 0x00000000ebf00000| Complete 
| 192|0x00000000ec000000, 0x00000000ec100000, 0x00000000ec100000|100%| E|CS|TAMS 0x00000000ec000000, 0x00000000ec000000| Complete 
| 193|0x00000000ec100000, 0x00000000ec200000, 0x00000000ec200000|100%| E|CS|TAMS 0x00000000ec100000, 0x00000000ec100000| Complete 
| 194|0x00000000ec200000, 0x00000000ec300000, 0x00000000ec300000|100%| E|CS|TAMS 0x00000000ec200000, 0x00000000ec200000| Complete 
| 195|0x00000000ec300000, 0x00000000ec400000, 0x00000000ec400000|100%| E|CS|TAMS 0x00000000ec300000, 0x00000000ec300000| Complete 
| 196|0x00000000ec400000, 0x00000000ec500000, 0x00000000ec500000|100%| E|CS|TAMS 0x00000000ec400000, 0x00000000ec400000| Complete 
| 197|0x00000000ec500000, 0x00000000ec600000, 0x00000000ec600000|100%| E|CS|TAMS 0x00000000ec500000, 0x00000000ec500000| Complete 
| 198|0x00000000ec600000, 0x00000000ec700000, 0x00000000ec700000|100%| E|CS|TAMS 0x00000000ec600000, 0x00000000ec600000| Complete 
| 199|0x00000000ec700000, 0x00000000ec800000, 0x00000000ec800000|100%| E|CS|TAMS 0x00000000ec700000, 0x00000000ec700000| Complete 
| 200|0x00000000ec800000, 0x00000000ec900000, 0x00000000ec900000|100%| E|CS|TAMS 0x00000000ec800000, 0x00000000ec800000| Complete 
| 201|0x00000000ec900000, 0x00000000eca00000, 0x00000000eca00000|100%| E|CS|TAMS 0x00000000ec900000, 0x00000000ec900000| Complete 
| 202|0x00000000eca00000, 0x00000000ecb00000, 0x00000000ecb00000|100%| E|CS|TAMS 0x00000000eca00000, 0x00000000eca00000| Complete 
| 203|0x00000000ecb00000, 0x00000000ecc00000, 0x00000000ecc00000|100%| E|CS|TAMS 0x00000000ecb00000, 0x00000000ecb00000| Complete 
| 204|0x00000000ecc00000, 0x00000000ecd00000, 0x00000000ecd00000|100%| E|CS|TAMS 0x00000000ecc00000, 0x00000000ecc00000| Complete 
| 205|0x00000000ecd00000, 0x00000000ece00000, 0x00000000ece00000|100%| E|CS|TAMS 0x00000000ecd00000, 0x00000000ecd00000| Complete 
| 206|0x00000000ece00000, 0x00000000ecf00000, 0x00000000ecf00000|100%| E|CS|TAMS 0x00000000ece00000, 0x00000000ece00000| Complete 
| 207|0x00000000ecf00000, 0x00000000ed000000, 0x00000000ed000000|100%| E|CS|TAMS 0x00000000ecf00000, 0x00000000ecf00000| Complete 
| 208|0x00000000ed000000, 0x00000000ed100000, 0x00000000ed100000|100%| E|CS|TAMS 0x00000000ed000000, 0x00000000ed000000| Complete 
| 209|0x00000000ed100000, 0x00000000ed200000, 0x00000000ed200000|100%| E|CS|TAMS 0x00000000ed100000, 0x00000000ed100000| Complete 
| 210|0x00000000ed200000, 0x00000000ed300000, 0x00000000ed300000|100%| E|CS|TAMS 0x00000000ed200000, 0x00000000ed200000| Complete 
| 211|0x00000000ed300000, 0x00000000ed400000, 0x00000000ed400000|100%| E|CS|TAMS 0x00000000ed300000, 0x00000000ed300000| Complete 
| 212|0x00000000ed400000, 0x00000000ed500000, 0x00000000ed500000|100%| E|CS|TAMS 0x00000000ed400000, 0x00000000ed400000| Complete 
| 213|0x00000000ed500000, 0x00000000ed600000, 0x00000000ed600000|100%| E|CS|TAMS 0x00000000ed500000, 0x00000000ed500000| Complete 
| 214|0x00000000ed600000, 0x00000000ed700000, 0x00000000ed700000|100%| E|CS|TAMS 0x00000000ed600000, 0x00000000ed600000| Complete 
| 215|0x00000000ed700000, 0x00000000ed800000, 0x00000000ed800000|100%| E|CS|TAMS 0x00000000ed700000, 0x00000000ed700000| Complete 
| 216|0x00000000ed800000, 0x00000000ed900000, 0x00000000ed900000|100%| E|CS|TAMS 0x00000000ed800000, 0x00000000ed800000| Complete 
| 217|0x00000000ed900000, 0x00000000eda00000, 0x00000000eda00000|100%| E|CS|TAMS 0x00000000ed900000, 0x00000000ed900000| Complete 
| 218|0x00000000eda00000, 0x00000000edb00000, 0x00000000edb00000|100%| E|CS|TAMS 0x00000000eda00000, 0x00000000eda00000| Complete 
| 219|0x00000000edb00000, 0x00000000edc00000, 0x00000000edc00000|100%| E|CS|TAMS 0x00000000edb00000, 0x00000000edb00000| Complete 
| 220|0x00000000edc00000, 0x00000000edd00000, 0x00000000edd00000|100%| E|CS|TAMS 0x00000000edc00000, 0x00000000edc00000| Complete 
| 221|0x00000000edd00000, 0x00000000ede00000, 0x00000000ede00000|100%| E|CS|TAMS 0x00000000edd00000, 0x00000000edd00000| Complete 
| 222|0x00000000ede00000, 0x00000000edf00000, 0x00000000edf00000|100%| E|CS|TAMS 0x00000000ede00000, 0x00000000ede00000| Complete 
| 223|0x00000000edf00000, 0x00000000ee000000, 0x00000000ee000000|100%| E|CS|TAMS 0x00000000edf00000, 0x00000000edf00000| Complete 
| 224|0x00000000ee000000, 0x00000000ee100000, 0x00000000ee100000|100%| E|CS|TAMS 0x00000000ee000000, 0x00000000ee000000| Complete 
| 225|0x00000000ee100000, 0x00000000ee200000, 0x00000000ee200000|100%| E|  |TAMS 0x00000000ee100000, 0x00000000ee100000| Complete 
| 226|0x00000000ee200000, 0x00000000ee300000, 0x00000000ee300000|100%| E|CS|TAMS 0x00000000ee200000, 0x00000000ee200000| Complete 
| 227|0x00000000ee300000, 0x00000000ee400000, 0x00000000ee400000|100%| E|CS|TAMS 0x00000000ee300000, 0x00000000ee300000| Complete 
| 228|0x00000000ee400000, 0x00000000ee500000, 0x00000000ee500000|100%| E|CS|TAMS 0x00000000ee400000, 0x00000000ee400000| Complete 
| 229|0x00000000ee500000, 0x00000000ee600000, 0x00000000ee600000|100%| E|CS|TAMS 0x00000000ee500000, 0x00000000ee500000| Complete 
| 230|0x00000000ee600000, 0x00000000ee700000, 0x00000000ee700000|100%| E|CS|TAMS 0x00000000ee600000, 0x00000000ee600000| Complete 
| 231|0x00000000ee700000, 0x00000000ee800000, 0x00000000ee800000|100%| E|CS|TAMS 0x00000000ee700000, 0x00000000ee700000| Complete 
| 232|0x00000000ee800000, 0x00000000ee900000, 0x00000000ee900000|100%| E|CS|TAMS 0x00000000ee800000, 0x00000000ee800000| Complete 
| 233|0x00000000ee900000, 0x00000000eea00000, 0x00000000eea00000|100%| E|CS|TAMS 0x00000000ee900000, 0x00000000ee900000| Complete 
| 234|0x00000000eea00000, 0x00000000eeb00000, 0x00000000eeb00000|100%| E|CS|TAMS 0x00000000eea00000, 0x00000000eea00000| Complete 
| 235|0x00000000eeb00000, 0x00000000eec00000, 0x00000000eec00000|100%| E|CS|TAMS 0x00000000eeb00000, 0x00000000eeb00000| Complete 
| 236|0x00000000eec00000, 0x00000000eed00000, 0x00000000eed00000|100%| E|CS|TAMS 0x00000000eec00000, 0x00000000eec00000| Complete 
| 237|0x00000000eed00000, 0x00000000eee00000, 0x00000000eee00000|100%| E|CS|TAMS 0x00000000eed00000, 0x00000000eed00000| Complete 
| 238|0x00000000eee00000, 0x00000000eef00000, 0x00000000eef00000|100%| E|CS|TAMS 0x00000000eee00000, 0x00000000eee00000| Complete 
| 239|0x00000000eef00000, 0x00000000ef000000, 0x00000000ef000000|100%| E|CS|TAMS 0x00000000eef00000, 0x00000000eef00000| Complete 
| 240|0x00000000ef000000, 0x00000000ef100000, 0x00000000ef100000|100%| E|CS|TAMS 0x00000000ef000000, 0x00000000ef000000| Complete 
| 241|0x00000000ef100000, 0x00000000ef200000, 0x00000000ef200000|100%| E|CS|TAMS 0x00000000ef100000, 0x00000000ef100000| Complete 
| 242|0x00000000ef200000, 0x00000000ef300000, 0x00000000ef300000|100%| E|CS|TAMS 0x00000000ef200000, 0x00000000ef200000| Complete 
| 243|0x00000000ef300000, 0x00000000ef400000, 0x00000000ef400000|100%| E|CS|TAMS 0x00000000ef300000, 0x00000000ef300000| Complete 
| 244|0x00000000ef400000, 0x00000000ef500000, 0x00000000ef500000|100%| E|CS|TAMS 0x00000000ef400000, 0x00000000ef400000| Complete 
| 245|0x00000000ef500000, 0x00000000ef600000, 0x00000000ef600000|100%| E|CS|TAMS 0x00000000ef500000, 0x00000000ef500000| Complete 
| 246|0x00000000ef600000, 0x00000000ef700000, 0x00000000ef700000|100%| E|CS|TAMS 0x00000000ef600000, 0x00000000ef600000| Complete 
| 247|0x00000000ef700000, 0x00000000ef800000, 0x00000000ef800000|100%| E|CS|TAMS 0x00000000ef700000, 0x00000000ef700000| Complete 
| 248|0x00000000ef800000, 0x00000000ef900000, 0x00000000ef900000|100%| E|CS|TAMS 0x00000000ef800000, 0x00000000ef800000| Complete 
| 249|0x00000000ef900000, 0x00000000efa00000, 0x00000000efa00000|100%| E|CS|TAMS 0x00000000ef900000, 0x00000000ef900000| Complete 
| 250|0x00000000efa00000, 0x00000000efb00000, 0x00000000efb00000|100%| E|CS|TAMS 0x00000000efa00000, 0x00000000efa00000| Complete 
| 251|0x00000000efb00000, 0x00000000efc00000, 0x00000000efc00000|100%| E|CS|TAMS 0x00000000efb00000, 0x00000000efb00000| Complete 
| 252|0x00000000efc00000, 0x00000000efd00000, 0x00000000efd00000|100%| E|CS|TAMS 0x00000000efc00000, 0x00000000efc00000| Complete 
| 253|0x00000000efd00000, 0x00000000efe00000, 0x00000000efe00000|100%| E|CS|TAMS 0x00000000efd00000, 0x00000000efd00000| Complete 
| 254|0x00000000efe00000, 0x00000000eff00000, 0x00000000eff00000|100%| E|CS|TAMS 0x00000000efe00000, 0x00000000efe00000| Complete 
| 255|0x00000000eff00000, 0x00000000f0000000, 0x00000000f0000000|100%| E|CS|TAMS 0x00000000eff00000, 0x00000000eff00000| Complete 

Card table byte_map: [0x000002bff35c0000,0x000002bff36c0000] _byte_map_base: 0x000002bff2ec0000

Marking Bits (Prev, Next): (CMBitMap*) 0x000002bfdc11e738, (CMBitMap*) 0x000002bfdc11e770
 Prev Bits: [0x000002bff37c0000, 0x000002bff3fc0000)
 Next Bits: [0x000002bff3fc0000, 0x000002bff47c0000)

Polling page: 0x000002bfdb8e0000

Metaspace:

Usage:
  Non-class:     68.17 MB capacity,    66.29 MB ( 97%) used,     1.69 MB (  2%) free+waste,   199.13 KB ( <1%) overhead. 
      Class:     11.07 MB capacity,     9.95 MB ( 90%) used,     1.03 MB (  9%) free+waste,    96.63 KB ( <1%) overhead. 
       Both:     79.25 MB capacity,    76.23 MB ( 96%) used,     2.73 MB (  3%) free+waste,   295.75 KB ( <1%) overhead. 

Virtual space:
  Non-class space:       70.00 MB reserved,      68.41 MB ( 98%) committed 
      Class space:      248.00 MB reserved,      11.13 MB (  4%) committed 
             Both:      318.00 MB reserved,      79.54 MB ( 25%) committed 

Chunk freelists:
   Non-Class:  6.63 KB
       Class:  2.50 KB
        Both:  9.13 KB

CodeHeap 'non-profiled nmethods': size=120064Kb used=4948Kb max_used=4948Kb free=115115Kb
 bounds [0x000002bfec080000, 0x000002bfec560000, 0x000002bff35c0000]
CodeHeap 'profiled nmethods': size=120000Kb used=19040Kb max_used=19040Kb free=100959Kb
 bounds [0x000002bfe4b50000, 0x000002bfe5df0000, 0x000002bfec080000]
CodeHeap 'non-nmethods': size=5696Kb used=2259Kb max_used=2363Kb free=3436Kb
 bounds [0x000002bfe45c0000, 0x000002bfe4830000, 0x000002bfe4b50000]
 total_blobs=9477 nmethods=8624 adapters=763
 compilation: enabled
              stopped_count=0, restarted_count=0
 full_count=0

Compilation events (10 events):
Event: 54.695 Thread 0x000002bff6de5800 8683       3       com.sun.xml.bind.v2.model.nav.ReflectionNavigator::use (9 bytes)
Event: 54.695 Thread 0x000002bff6de5800 nmethod 8683 0x000002bfe5dda710 code [0x000002bfe5dda8c0, 0x000002bfe5ddaaf8]
Event: 54.695 Thread 0x000002bff6de5800 8684       3       com.sun.xml.bind.v2.model.nav.ReflectionNavigator::use (2 bytes)
Event: 54.695 Thread 0x000002bff6de5800 nmethod 8684 0x000002bfe5ddac10 code [0x000002bfe5ddada0, 0x000002bfe5ddae98]
Event: 54.696 Thread 0x000002bff6de5800 8685       3       com.sun.xml.bind.v2.model.impl.PropertyInfoImpl::getName (10 bytes)
Event: 54.697 Thread 0x000002bff6de5800 nmethod 8685 0x000002bfe5ddaf10 code [0x000002bfe5ddb0c0, 0x000002bfe5ddb288]
Event: 54.698 Thread 0x000002bff6de5800 8686       1       com.sun.xml.bind.v2.model.impl.ClassInfoImpl::getClazz (5 bytes)
Event: 54.698 Thread 0x000002bffe039000 8687       4       sun.reflect.generics.reflectiveObjects.ParameterizedTypeImpl::getRawType (5 bytes)
Event: 54.698 Thread 0x000002bff6de5800 nmethod 8686 0x000002bfec551490 code [0x000002bfec551620, 0x000002bfec5516d8]
Event: 54.698 Thread 0x000002bffe039000 nmethod 8687 0x000002bfec551790 code [0x000002bfec551920, 0x000002bfec551998]

GC Heap History (10 events):
Event: 12.046 GC heap before
{Heap before GC invocations=7 (full 0):
 garbage-first heap   total 262144K, used 70382K [0x00000000e0000000, 0x0000000100000000)
  region size 1024K, 56 young (57344K), 6 survivors (6144K)
 Metaspace       used 35082K, capacity 35709K, committed 35840K, reserved 286720K
  class space    used 4508K, capacity 4743K, committed 4864K, reserved 253952K
}
Event: 12.074 GC heap after
{Heap after GC invocations=8 (full 0):
 garbage-first heap   total 262144K, used 23932K [0x00000000e0000000, 0x0000000100000000)
  region size 1024K, 10 young (10240K), 10 survivors (10240K)
 Metaspace       used 35082K, capacity 35709K, committed 35840K, reserved 286720K
  class space    used 4508K, capacity 4743K, committed 4864K, reserved 253952K
}
Event: 26.930 GC heap before
{Heap before GC invocations=9 (full 0):
 garbage-first heap   total 262144K, used 121212K [0x00000000e0000000, 0x0000000100000000)
  region size 1024K, 105 young (107520K), 10 survivors (10240K)
 Metaspace       used 43626K, capacity 44611K, committed 44672K, reserved 292864K
  class space    used 5580K, capacity 5989K, committed 6016K, reserved 253952K
}
Event: 26.956 GC heap after
{Heap after GC invocations=10 (full 0):
 garbage-first heap   total 262144K, used 28273K [0x00000000e0000000, 0x0000000100000000)
  region size 1024K, 13 young (13312K), 13 survivors (13312K)
 Metaspace       used 43626K, capacity 44611K, committed 44672K, reserved 292864K
  class space    used 5580K, capacity 5989K, committed 6016K, reserved 253952K
}
Event: 31.224 GC heap before
{Heap before GC invocations=11 (full 0):
 garbage-first heap   total 262144K, used 174705K [0x00000000e0000000, 0x0000000100000000)
  region size 1024K, 153 young (156672K), 13 survivors (13312K)
 Metaspace       used 56646K, capacity 58046K, committed 58240K, reserved 305152K
  class space    used 7189K, capacity 7764K, committed 7808K, reserved 253952K
}
Event: 31.255 GC heap after
{Heap after GC invocations=12 (full 0):
 garbage-first heap   total 262144K, used 41501K [0x00000000e0000000, 0x0000000100000000)
  region size 1024K, 20 young (20480K), 20 survivors (20480K)
 Metaspace       used 56646K, capacity 58046K, committed 58240K, reserved 305152K
  class space    used 7189K, capacity 7764K, committed 7808K, reserved 253952K
}
Event: 45.002 GC heap before
{Heap before GC invocations=12 (full 0):
 garbage-first heap   total 262144K, used 177693K [0x00000000e0000000, 0x0000000100000000)
  region size 1024K, 153 young (156672K), 20 survivors (20480K)
 Metaspace       used 67028K, capacity 68876K, committed 69120K, reserved 315392K
  class space    used 8672K, capacity 9426K, committed 9472K, reserved 253952K
}
Event: 45.108 GC heap after
{Heap after GC invocations=13 (full 0):
 garbage-first heap   total 262144K, used 53994K [0x00000000e0000000, 0x0000000100000000)
  region size 1024K, 13 young (13312K), 13 survivors (13312K)
 Metaspace       used 67028K, capacity 68876K, committed 69120K, reserved 315392K
  class space    used 8672K, capacity 9426K, committed 9472K, reserved 253952K
}
Event: 51.412 GC heap before
{Heap before GC invocations=13 (full 0):
 garbage-first heap   total 262144K, used 172778K [0x00000000e0000000, 0x0000000100000000)
  region size 1024K, 125 young (128000K), 13 survivors (13312K)
 Metaspace       used 71773K, capacity 74328K, committed 74456K, reserved 319488K
  class space    used 9275K, capacity 10240K, committed 10240K, reserved 253952K
}
Event: 51.452 GC heap after
{Heap after GC invocations=14 (full 0):
 garbage-first heap   total 262144K, used 74752K [0x00000000e0000000, 0x0000000100000000)
  region size 1024K, 16 young (16384K), 16 survivors (16384K)
 Metaspace       used 71773K, capacity 74328K, committed 74456K, reserved 319488K
  class space    used 9275K, capacity 10240K, committed 10240K, reserved 253952K
}

Deoptimization events (10 events):
Event: 52.955 Thread 0x000002bff8aae800 Uncommon trap: reason=unstable_if action=reinterpret pc=0x000002bfec24c724 method=com.esotericsoftware.kryo.io.Input.readUtf8(I)V @ 79 c2
Event: 52.958 Thread 0x000002bff8aae800 Uncommon trap: reason=unstable_if action=reinterpret pc=0x000002bfec407b04 method=com.esotericsoftware.kryo.io.Input.readVarInt(Z)I @ 42 c2
Event: 53.113 Thread 0x000002bff8aae800 Uncommon trap: reason=unstable_if action=reinterpret pc=0x000002bfec1343c4 method=java.lang.StringLatin1.regionMatchesCI([BI[BII)Z @ 66 c2
Event: 53.505 Thread 0x000002bff8aae800 Uncommon trap: reason=profile_predicate action=maybe_recompile pc=0x000002bfec51a98c method=groovy.lang.MetaClassImpl$MethodIndexAction.iterate()V @ 78 c2
Event: 53.505 Thread 0x000002bff8aae800 Uncommon trap: reason=profile_predicate action=maybe_recompile pc=0x000002bfec51a98c method=groovy.lang.MetaClassImpl$MethodIndexAction.iterate()V @ 78 c2
Event: 53.670 Thread 0x000002bff8aae800 Uncommon trap: reason=unstable_if action=reinterpret pc=0x000002bfec0ef068 method=sun.nio.fs.WindowsPathParser.isSlash(C)Z @ 9 c2
Event: 53.670 Thread 0x000002bff8aae800 Uncommon trap: reason=unstable_if action=reinterpret pc=0x000002bfec09905c method=sun.nio.fs.WindowsPathParser.isSlash(C)Z @ 9 c2
Event: 53.779 Thread 0x000002bff8aae800 Uncommon trap: reason=predicate action=maybe_recompile pc=0x000002bfec434190 method=sun.security.provider.DigestBase.implCompressMultiBlock0([BII)I @ 2 c2
Event: 54.256 Thread 0x000002bff8aae800 Uncommon trap: reason=unstable_if action=reinterpret pc=0x000002bfec34cfd0 method=java.util.jar.JarFile.maybeInstantiateVerifier()V @ 4 c2
Event: 54.539 Thread 0x000002bff8aae800 Uncommon trap: reason=null_check action=make_not_entrant pc=0x000002bfec38ac10 method=java.lang.Class.createAnnotationData(I)Ljava/lang/Class$AnnotationData; @ 14 c2

Classes redefined (0 events):
No events

Internal exceptions (10 events):
Event: 53.465 Thread 0x000002bff8aae800 Exception <a 'java/lang/ClassNotFoundException'{0x00000000eb1a22f0}: build_67qfxiu97ddwx365f3do24i42BeanInfo> (0x00000000eb1a22f0) thrown at [./open/src/hotspot/share/classfile/systemDictionary.cpp, line 228]
Event: 53.465 Thread 0x000002bff8aae800 Exception <a 'java/lang/ClassNotFoundException'{0x00000000eb1ab0f8}: build_67qfxiu97ddwx365f3do24i42Customizer> (0x00000000eb1ab0f8) thrown at [./open/src/hotspot/share/classfile/systemDictionary.cpp, line 228]
Event: 53.482 Thread 0x000002bff8aae800 Exception <a 'java/lang/ClassNotFoundException'{0x00000000eb054dd8}: build_67qfxiu97ddwx365f3do24i42BeanInfo> (0x00000000eb054dd8) thrown at [./open/src/hotspot/share/classfile/systemDictionary.cpp, line 228]
Event: 53.483 Thread 0x000002bff8aae800 Exception <a 'java/lang/ClassNotFoundException'{0x00000000eb05db80}: build_67qfxiu97ddwx365f3do24i42Customizer> (0x00000000eb05db80) thrown at [./open/src/hotspot/share/classfile/systemDictionary.cpp, line 228]
Event: 53.505 Thread 0x000002bff8aae800 Exception <a 'java/lang/ClassNotFoundException'{0x00000000eaf64440}: build_67qfxiu97ddwx365f3do24i42$_run_closure1BeanInfo> (0x00000000eaf64440) thrown at [./open/src/hotspot/share/classfile/systemDictionary.cpp, line 228]
Event: 53.506 Thread 0x000002bff8aae800 Exception <a 'java/lang/ClassNotFoundException'{0x00000000eaf71048}: build_67qfxiu97ddwx365f3do24i42$_run_closure1Customizer> (0x00000000eaf71048) thrown at [./open/src/hotspot/share/classfile/systemDictionary.cpp, line 228]
Event: 53.784 Thread 0x000002bff8aae800 Exception <a 'java/lang/NoSuchMethodError'{0x00000000eabe6270}: java.lang.invoke.DirectMethodHandle$Holder.invokeSpecial(Ljava/lang/Object;Ljava/lang/Object;Ljava/lang/Object;I)V> (0x00000000eabe6270) thrown at [./open/src/hotspot/share/interpreter/linkRe
Event: 53.888 Thread 0x000002bff8aae800 Exception <a 'sun/nio/fs/WindowsException'{0x00000000ea9f9448}> (0x00000000ea9f9448) thrown at [./open/src/hotspot/share/prims/jni.cpp, line 611]
Event: 54.361 Thread 0x000002bff8aae800 Exception <a 'java/lang/NullPointerException'{0x00000000ea10e0a8}> (0x00000000ea10e0a8) thrown at [./open/src/hotspot/share/interpreter/linkResolver.cpp, line 1436]
Event: 54.539 Thread 0x000002bff8aae800 Implicit null exception at 0x000002bfec38a460 to 0x000002bfec38abe8

Events (10 events):
Event: 54.704 loading class com/sun/xml/bind/v2/runtime/CompositeStructureBeanInfo
Event: 54.704 loading class com/sun/xml/bind/v2/runtime/CompositeStructureBeanInfo done
Event: 54.705 loading class javax/xml/bind/annotation/DomHandler
Event: 54.705 loading class javax/xml/bind/annotation/DomHandler done
Event: 54.706 loading class com/sun/xml/bind/v2/runtime/unmarshaller/DomLoader
Event: 54.706 loading class com/sun/xml/bind/v2/runtime/unmarshaller/DomLoader done
Event: 54.707 loading class javax/xml/bind/annotation/W3CDomHandler
Event: 54.707 loading class javax/xml/bind/annotation/W3CDomHandler done
Event: 54.708 loading class com/sun/xml/bind/v2/runtime/property/UnmarshallerChain
Event: 54.708 loading class com/sun/xml/bind/v2/runtime/property/UnmarshallerChain done


Dynamic libraries:
0x00007ff638930000 - 0x00007ff63893f000 	C:\Program Files\Java\jdk-11.0.12\bin\java.exe
0x00007ff8d3710000 - 0x00007ff8d3905000 	C:\WINDOWS\SYSTEM32\ntdll.dll
0x00007ff8d33d0000 - 0x00007ff8d348e000 	C:\WINDOWS\System32\KERNEL32.DLL
0x00007ff8d1400000 - 0x00007ff8d16c9000 	C:\WINDOWS\System32\KERNELBASE.dll
0x00007ff8d1020000 - 0x00007ff8d1120000 	C:\WINDOWS\System32\ucrtbase.dll
0x00007ff8b18b0000 - 0x00007ff8b18c5000 	C:\Program Files\Java\jdk-11.0.12\bin\VCRUNTIME140.dll
0x00007ff8ba8d0000 - 0x00007ff8ba8e8000 	C:\Program Files\Java\jdk-11.0.12\bin\jli.dll
0x00007ff8d30e0000 - 0x00007ff8d318c000 	C:\WINDOWS\System32\ADVAPI32.dll
0x00007ff8d21b0000 - 0x00007ff8d224e000 	C:\WINDOWS\System32\msvcrt.dll
0x00007ff8d2810000 - 0x00007ff8d28ab000 	C:\WINDOWS\System32\sechost.dll
0x00007ff8d32a0000 - 0x00007ff8d33ca000 	C:\WINDOWS\System32\RPCRT4.dll
0x00007ff8d3490000 - 0x00007ff8d3631000 	C:\WINDOWS\System32\USER32.dll
0x00007ff8d11d0000 - 0x00007ff8d11f2000 	C:\WINDOWS\System32\win32u.dll
0x00007ff8c3700000 - 0x00007ff8c399a000 	C:\WINDOWS\WinSxS\amd64_microsoft.windows.common-controls_6595b64144ccf1df_6.0.19041.1110_none_60b5254171f9507e\COMCTL32.dll
0x00007ff8d2250000 - 0x00007ff8d227b000 	C:\WINDOWS\System32\GDI32.dll
0x00007ff8d1200000 - 0x00007ff8d130b000 	C:\WINDOWS\System32\gdi32full.dll
0x00007ff8d1310000 - 0x00007ff8d13ad000 	C:\WINDOWS\System32\msvcp_win.dll
0x00007ff8cf5b0000 - 0x00007ff8cf5ba000 	C:\WINDOWS\SYSTEM32\VERSION.dll
0x00007ff8d1760000 - 0x00007ff8d1790000 	C:\WINDOWS\System32\IMM32.DLL
0x00007ff884760000 - 0x00007ff8847fb000 	C:\Program Files\Java\jdk-11.0.12\bin\msvcp140.dll
0x00007ff857af0000 - 0x00007ff8585ef000 	C:\Program Files\Java\jdk-11.0.12\bin\server\jvm.dll
0x00007ff8d30d0000 - 0x00007ff8d30d8000 	C:\WINDOWS\System32\PSAPI.DLL
0x00007ff8caae0000 - 0x00007ff8caae9000 	C:\WINDOWS\SYSTEM32\WSOCK32.dll
0x00007ff8d27a0000 - 0x00007ff8d280b000 	C:\WINDOWS\System32\WS2_32.dll
0x00007ff8bfd10000 - 0x00007ff8bfd37000 	C:\WINDOWS\SYSTEM32\WINMM.dll
0x00007ff8cf6e0000 - 0x00007ff8cf6f2000 	C:\WINDOWS\SYSTEM32\kernel.appcore.dll
0x00007ff8ca7e0000 - 0x00007ff8ca7f0000 	C:\Program Files\Java\jdk-11.0.12\bin\verify.dll
0x00007ff8c2c60000 - 0x00007ff8c2e44000 	C:\WINDOWS\SYSTEM32\DBGHELP.DLL
0x00007ff8c2c30000 - 0x00007ff8c2c5c000 	C:\WINDOWS\SYSTEM32\dbgcore.DLL
0x00007ff8d0f90000 - 0x00007ff8d1013000 	C:\WINDOWS\System32\bcryptPrimitives.dll
0x00007ff888b40000 - 0x00007ff888b68000 	C:\Program Files\Java\jdk-11.0.12\bin\java.dll
0x00007ff8bf4a0000 - 0x00007ff8bf4aa000 	C:\Program Files\Java\jdk-11.0.12\bin\jimage.dll
0x00007ff88c870000 - 0x00007ff88c886000 	C:\Program Files\Java\jdk-11.0.12\bin\zip.dll
0x00007ff8d2910000 - 0x00007ff8d304f000 	C:\WINDOWS\System32\SHELL32.dll
0x00007ff8cebc0000 - 0x00007ff8cf350000 	C:\WINDOWS\SYSTEM32\windows.storage.dll
0x00007ff8d19d0000 - 0x00007ff8d1d25000 	C:\WINDOWS\System32\combase.dll
0x00007ff8d07b0000 - 0x00007ff8d07dc000 	C:\WINDOWS\SYSTEM32\Wldp.dll
0x00007ff8d3190000 - 0x00007ff8d323d000 	C:\WINDOWS\System32\SHCORE.dll
0x00007ff8d17b0000 - 0x00007ff8d1805000 	C:\WINDOWS\System32\shlwapi.dll
0x00007ff8d0d70000 - 0x00007ff8d0d8f000 	C:\WINDOWS\SYSTEM32\profapi.dll
0x00007ff88b390000 - 0x00007ff88b3a9000 	C:\Program Files\Java\jdk-11.0.12\bin\net.dll
0x00007ff8c7b20000 - 0x00007ff8c7c28000 	C:\WINDOWS\SYSTEM32\WINHTTP.dll
0x00007ff8d0510000 - 0x00007ff8d057a000 	C:\WINDOWS\system32\mswsock.dll
0x00007ff88aba0000 - 0x00007ff88abb2000 	C:\Program Files\Java\jdk-11.0.12\bin\nio.dll
0x00007ff888b10000 - 0x00007ff888b36000 	C:\Users\freddy\.gradle\native\fdc75f09e3144964f2cf3f50f0aa648679c211496f362492102eb8c894070792\windows-amd64\native-platform.dll
0x00007ff8845c0000 - 0x00007ff884756000 	C:\Users\freddy\.gradle\native\12488b8bf47d2d4c9fbf2f6322a914ad602e24e48041cd04a747c6da556b65c4\windows-amd64\native-platform-file-events.dll
0x00007ff8be650000 - 0x00007ff8be659000 	C:\Program Files\Java\jdk-11.0.12\bin\management.dll
0x00007ff8bbec0000 - 0x00007ff8bbecb000 	C:\Program Files\Java\jdk-11.0.12\bin\management_ext.dll
0x00007ff8d0710000 - 0x00007ff8d0728000 	C:\WINDOWS\SYSTEM32\CRYPTSP.dll
0x00007ff8cfe90000 - 0x00007ff8cfec4000 	C:\WINDOWS\system32\rsaenh.dll
0x00007ff8d1730000 - 0x00007ff8d1757000 	C:\WINDOWS\System32\bcrypt.dll
0x00007ff8d0d30000 - 0x00007ff8d0d5e000 	C:\WINDOWS\SYSTEM32\USERENV.dll
0x00007ff8d0700000 - 0x00007ff8d070c000 	C:\WINDOWS\SYSTEM32\CRYPTBASE.dll
0x00007ff8d0200000 - 0x00007ff8d023b000 	C:\WINDOWS\SYSTEM32\IPHLPAPI.DLL
0x00007ff8d1810000 - 0x00007ff8d1818000 	C:\WINDOWS\System32\NSI.dll
0x00007ff8c9440000 - 0x00007ff8c9457000 	C:\WINDOWS\SYSTEM32\dhcpcsvc6.DLL
0x00007ff8c9420000 - 0x00007ff8c943d000 	C:\WINDOWS\SYSTEM32\dhcpcsvc.DLL
0x00007ff8d0240000 - 0x00007ff8d030c000 	C:\WINDOWS\SYSTEM32\DNSAPI.dll
0x00007ff8cb010000 - 0x00007ff8cb01b000 	C:\WINDOWS\SYSTEM32\WINNSI.DLL

dbghelp: loaded successfully - version: 4.0.5 - missing functions: none
symbol engine: initialized successfully - sym options: 0x614 - pdb path: .;C:\Program Files\Java\jdk-11.0.12\bin;C:\WINDOWS\SYSTEM32;C:\WINDOWS\WinSxS\amd64_microsoft.windows.common-controls_6595b64144ccf1df_6.0.19041.1110_none_60b5254171f9507e;C:\Program Files\Java\jdk-11.0.12\bin\server;C:\Users\freddy\.gradle\native\fdc75f09e3144964f2cf3f50f0aa648679c211496f362492102eb8c894070792\windows-amd64;C:\Users\freddy\.gradle\native\12488b8bf47d2d4c9fbf2f6322a914ad602e24e48041cd04a747c6da556b65c4\windows-amd64

VM Arguments:
jvm_args: --add-opens=java.base/java.util=ALL-UNNAMED --add-opens=java.base/java.lang=ALL-UNNAMED --add-opens=java.base/java.lang.invoke=ALL-UNNAMED --add-opens=java.prefs/java.util.prefs=ALL-UNNAMED -XX:MaxMetaspaceSize=256m -XX:+HeapDumpOnOutOfMemoryError -Xms256m -Xmx512m -Dfile.encoding=windows-1252 -Duser.country=US -Duser.language=en -Duser.variant 
java_command: org.gradle.launcher.daemon.bootstrap.GradleDaemon 6.7
java_class_path (initial): C:\Users\freddy\.gradle\wrapper\dists\gradle-6.7-all\cuy9mc7upwgwgeb72wkcrupxe\gradle-6.7\lib\gradle-launcher-6.7.jar
Launcher Type: SUN_STANDARD

[Global flags]
     intx CICompilerCount                          = 3                                         {product} {ergonomic}
   size_t CompressedClassSpaceSize                 = 260046848                                 {product} {ergonomic}
     uint ConcGCThreads                            = 1                                         {product} {ergonomic}
     uint G1ConcRefinementThreads                  = 4                                         {product} {ergonomic}
   size_t G1HeapRegionSize                         = 1048576                                   {product} {ergonomic}
    uintx GCDrainStackTargetSize                   = 64                                        {product} {ergonomic}
     bool HeapDumpOnOutOfMemoryError               = true                                   {manageable} {command line}
   size_t InitialHeapSize                          = 268435456                                 {product} {command line}
   size_t MarkStackSize                            = 4194304                                   {product} {ergonomic}
   size_t MaxHeapSize                              = 536870912                                 {product} {command line}
   size_t MaxMetaspaceSize                         = 268435456                                 {product} {command line}
   size_t MaxNewSize                               = 321912832                                 {product} {ergonomic}
   size_t MinHeapDeltaBytes                        = 1048576                                   {product} {ergonomic}
    uintx NonNMethodCodeHeapSize                   = 5830732                                {pd product} {ergonomic}
    uintx NonProfiledCodeHeapSize                  = 122913754                              {pd product} {ergonomic}
    uintx ProfiledCodeHeapSize                     = 122913754                              {pd product} {ergonomic}
    uintx ReservedCodeCacheSize                    = 251658240                              {pd product} {ergonomic}
     bool SegmentedCodeCache                       = true                                      {product} {ergonomic}
     bool UseCompressedClassPointers               = true                                 {lp64_product} {ergonomic}
     bool UseCompressedOops                        = true                                 {lp64_product} {ergonomic}
     bool UseG1GC                                  = true                                      {product} {ergonomic}
     bool UseLargePagesIndividualAllocation        = false                                  {pd product} {ergonomic}

Logging:
Log output configuration:
 #0: stdout all=warning uptime,level,tags
 #1: stderr all=off uptime,level,tags

Environment Variables:
JAVA_HOME=C:\Program Files\Java\jdk-11.0.12
CLASSPATH=C:\Users\freddy\Desktop\react-native\finalyear\android\\gradle\wrapper\gradle-wrapper.jar
PATH=C:\Users\freddy\Desktop\react-native\finalyear\android\node_modules\.bin;C:\Users\freddy\Desktop\react-native\finalyear\node_modules\.bin;C:\Users\freddy\Desktop\react-native\node_modules\.bin;C:\Users\freddy\Desktop\node_modules\.bin;C:\Users\freddy\node_modules\.bin;C:\Users\node_modules\.bin;C:\node_modules\.bin;C:\Program Files (x86)\nodejs;C:\Users\freddy\Desktop\react-native\finalyear\node_modules\.bin;C:\Program Files\Common Files\Oracle\Java\javapath;C:\WINDOWS\system32;C:\WINDOWS;C:\WINDOWS\System32\Wbem;C:\WINDOWS\System32\WindowsPowerShell\v1.0\;C:\WINDOWS\System32\OpenSSH\;C:\Program Files (x86)\Calibre2\;C:\Program Files\Git\cmd;C:\Program Files (x86)\nodejs\;C:\Users\freddy\AppData\Local\Microsoft\WindowsApps;C:\Users\freddy\AppData\Local\Programs\Microsoft VS Code\bin;C:\Users\freddy\AppData\Roaming\npm;C:\Users\freddy\AppData\Local\Android\Sdk\platform-tools;C:\Users\freddy\AppData\Local\Android\Sdk\platform-tools;C:\Users\freddy\AppData\Local\Android\Sdk\emulator;C:\Users\freddy\AppData\Local\Android\Sdk\tools;C:\Users\freddy\AppData\Local\Android\Sdk\tools\bin;
USERNAME=freddy
OS=Windows_NT
PROCESSOR_IDENTIFIER=Intel64 Family 6 Model 58 Stepping 9, GenuineIntel



---------------  S Y S T E M  ---------------

OS: Windows 10 , 64 bit Build 19041 (10.0.19041.1202)

CPU:total 4 (initial active 4) (2 cores per cpu, 2 threads per core) family 6 model 58 stepping 9 microcode 0x21, cmov, cx8, fxsr, mmx, sse, sse2, sse3, ssse3, sse4.1, sse4.2, popcnt, avx, aes, clmul, erms, ht, tsc, tscinvbit, tscinv

Memory: 4k page, system-wide physical 3980M (292M free)
TotalPageFile size 11814M (AvailPageFile size 3M)
current process WorkingSet (physical memory assigned to process): 415M, peak: 424M
current process commit charge ("private bytes"): 529M, peak: 540M

vm_info: Java HotSpot(TM) 64-Bit Server VM (11.0.12+8-LTS-237) for windows-amd64 JRE (11.0.12+8-LTS-237), built on Jun  8 2021 11:25:59 by "mach5one" with MS VC++ 15.9 (VS2017)

END.
